{"uid":"f18dd3cadf71673e","name":"User should be able to start build","fullName":"com.example.wtf_workshop.api.BuildTest.userStartsBuildTest","historyId":"4d05d3fb402d70fcca9970ca832b6188","time":{"start":1732526149683,"stop":1732526155935,"duration":6252},"status":"broken","statusMessage":"Condition with com.example.wtf_workshop.api.BuildTest was not fulfilled within 5 seconds.","statusTrace":"org.awaitility.core.ConditionTimeoutException: Condition with com.example.wtf_workshop.api.BuildTest was not fulfilled within 5 seconds.\n\tat org.awaitility.core.ConditionAwaiter.await(ConditionAwaiter.java:166)\n\tat org.awaitility.core.CallableCondition.await(CallableCondition.java:78)\n\tat org.awaitility.core.CallableCondition.await(CallableCondition.java:26)\n\tat org.awaitility.core.ConditionFactory.until(ConditionFactory.java:939)\n\tat org.awaitility.core.ConditionFactory.until(ConditionFactory.java:908)\n\tat com.example.wtf_workshop.api.BuildTest.userStartsBuildTest(BuildTest.java:34)\n\tat java.base/jdk.internal.reflect.NativeMethodAccessorImpl.invoke0(Native Method)\n\tat java.base/jdk.internal.reflect.NativeMethodAccessorImpl.invoke(NativeMethodAccessorImpl.java:77)\n\tat java.base/jdk.internal.reflect.DelegatingMethodAccessorImpl.invoke(DelegatingMethodAccessorImpl.java:43)\n\tat java.base/java.lang.reflect.Method.invoke(Method.java:569)\n\tat org.testng.internal.invokers.MethodInvocationHelper.invokeMethod(MethodInvocationHelper.java:141)\n\tat org.testng.internal.invokers.TestInvoker.invokeMethod(TestInvoker.java:686)\n\tat org.testng.internal.invokers.TestInvoker.invokeTestMethod(TestInvoker.java:230)\n\tat org.testng.internal.invokers.MethodRunner.runInSequence(MethodRunner.java:63)\n\tat org.testng.internal.invokers.TestInvoker$MethodInvocationAgent.invoke(TestInvoker.java:992)\n\tat org.testng.internal.invokers.TestInvoker.invokeTestMethods(TestInvoker.java:203)\n\tat org.testng.internal.invokers.TestMethodWorker.invokeTestMethods(TestMethodWorker.java:154)\n\tat org.testng.internal.invokers.TestMethodWorker.run(TestMethodWorker.java:134)\n\tat java.base/java.util.ArrayList.forEach(ArrayList.java:1511)\n\tat org.testng.TestRunner.privateRun(TestRunner.java:739)\n\tat org.testng.TestRunner.run(TestRunner.java:614)\n\tat org.testng.SuiteRunner.runTest(SuiteRunner.java:421)\n\tat org.testng.SuiteRunner.runSequentially(SuiteRunner.java:413)\n\tat org.testng.SuiteRunner.privateRun(SuiteRunner.java:373)\n\tat org.testng.SuiteRunner.run(SuiteRunner.java:312)\n\tat org.testng.SuiteRunnerWorker.runSuite(SuiteRunnerWorker.java:52)\n\tat org.testng.SuiteRunnerWorker.run(SuiteRunnerWorker.java:95)\n\tat org.testng.TestNG.runSuitesSequentially(TestNG.java:1274)\n\tat org.testng.TestNG.runSuitesLocally(TestNG.java:1208)\n\tat org.testng.TestNG.runSuites(TestNG.java:1112)\n\tat org.testng.TestNG.run(TestNG.java:1079)\n\tat org.apache.maven.surefire.testng.TestNGExecutor.run(TestNGExecutor.java:155)\n\tat org.apache.maven.surefire.testng.TestNGDirectoryTestSuite.executeMulti(TestNGDirectoryTestSuite.java:169)\n\tat org.apache.maven.surefire.testng.TestNGDirectoryTestSuite.execute(TestNGDirectoryTestSuite.java:88)\n\tat org.apache.maven.surefire.testng.TestNGProvider.invoke(TestNGProvider.java:137)\n\tat org.apache.maven.surefire.booter.ForkedBooter.runSuitesInProcess(ForkedBooter.java:385)\n\tat org.apache.maven.surefire.booter.ForkedBooter.execute(ForkedBooter.java:162)\n\tat org.apache.maven.surefire.booter.ForkedBooter.run(ForkedBooter.java:507)\n\tat org.apache.maven.surefire.booter.ForkedBooter.main(ForkedBooter.java:495)\n","flaky":false,"newFailed":false,"newBroken":false,"newPassed":false,"retriesCount":0,"retriesStatusChange":false,"beforeStages":[{"name":"beforeTest","time":{"start":1732526149674,"stop":1732526149676,"duration":2},"description":"","status":"passed","steps":[],"attachments":[],"parameters":[],"shouldDisplayMessage":false,"stepsCount":0,"attachmentsCount":0,"hasContent":false}],"testStage":{"status":"broken","statusMessage":"Condition with com.example.wtf_workshop.api.BuildTest was not fulfilled within 5 seconds.","statusTrace":"org.awaitility.core.ConditionTimeoutException: Condition with com.example.wtf_workshop.api.BuildTest was not fulfilled within 5 seconds.\n\tat org.awaitility.core.ConditionAwaiter.await(ConditionAwaiter.java:166)\n\tat org.awaitility.core.CallableCondition.await(CallableCondition.java:78)\n\tat org.awaitility.core.CallableCondition.await(CallableCondition.java:26)\n\tat org.awaitility.core.ConditionFactory.until(ConditionFactory.java:939)\n\tat org.awaitility.core.ConditionFactory.until(ConditionFactory.java:908)\n\tat com.example.wtf_workshop.api.BuildTest.userStartsBuildTest(BuildTest.java:34)\n\tat java.base/jdk.internal.reflect.NativeMethodAccessorImpl.invoke0(Native Method)\n\tat java.base/jdk.internal.reflect.NativeMethodAccessorImpl.invoke(NativeMethodAccessorImpl.java:77)\n\tat java.base/jdk.internal.reflect.DelegatingMethodAccessorImpl.invoke(DelegatingMethodAccessorImpl.java:43)\n\tat java.base/java.lang.reflect.Method.invoke(Method.java:569)\n\tat org.testng.internal.invokers.MethodInvocationHelper.invokeMethod(MethodInvocationHelper.java:141)\n\tat org.testng.internal.invokers.TestInvoker.invokeMethod(TestInvoker.java:686)\n\tat org.testng.internal.invokers.TestInvoker.invokeTestMethod(TestInvoker.java:230)\n\tat org.testng.internal.invokers.MethodRunner.runInSequence(MethodRunner.java:63)\n\tat org.testng.internal.invokers.TestInvoker$MethodInvocationAgent.invoke(TestInvoker.java:992)\n\tat org.testng.internal.invokers.TestInvoker.invokeTestMethods(TestInvoker.java:203)\n\tat org.testng.internal.invokers.TestMethodWorker.invokeTestMethods(TestMethodWorker.java:154)\n\tat org.testng.internal.invokers.TestMethodWorker.run(TestMethodWorker.java:134)\n\tat java.base/java.util.ArrayList.forEach(ArrayList.java:1511)\n\tat org.testng.TestRunner.privateRun(TestRunner.java:739)\n\tat org.testng.TestRunner.run(TestRunner.java:614)\n\tat org.testng.SuiteRunner.runTest(SuiteRunner.java:421)\n\tat org.testng.SuiteRunner.runSequentially(SuiteRunner.java:413)\n\tat org.testng.SuiteRunner.privateRun(SuiteRunner.java:373)\n\tat org.testng.SuiteRunner.run(SuiteRunner.java:312)\n\tat org.testng.SuiteRunnerWorker.runSuite(SuiteRunnerWorker.java:52)\n\tat org.testng.SuiteRunnerWorker.run(SuiteRunnerWorker.java:95)\n\tat org.testng.TestNG.runSuitesSequentially(TestNG.java:1274)\n\tat org.testng.TestNG.runSuitesLocally(TestNG.java:1208)\n\tat org.testng.TestNG.runSuites(TestNG.java:1112)\n\tat org.testng.TestNG.run(TestNG.java:1079)\n\tat org.apache.maven.surefire.testng.TestNGExecutor.run(TestNGExecutor.java:155)\n\tat org.apache.maven.surefire.testng.TestNGDirectoryTestSuite.executeMulti(TestNGDirectoryTestSuite.java:169)\n\tat org.apache.maven.surefire.testng.TestNGDirectoryTestSuite.execute(TestNGDirectoryTestSuite.java:88)\n\tat org.apache.maven.surefire.testng.TestNGProvider.invoke(TestNGProvider.java:137)\n\tat org.apache.maven.surefire.booter.ForkedBooter.runSuitesInProcess(ForkedBooter.java:385)\n\tat org.apache.maven.surefire.booter.ForkedBooter.execute(ForkedBooter.java:162)\n\tat org.apache.maven.surefire.booter.ForkedBooter.run(ForkedBooter.java:507)\n\tat org.apache.maven.surefire.booter.ForkedBooter.main(ForkedBooter.java:495)\n","steps":[],"attachments":[{"uid":"74ca1e1c3928aca","name":"Request","source":"74ca1e1c3928aca.html","type":"text/html","size":1339},{"uid":"88e7ffd78cae00b","name":"HTTP/1.1 200 ","source":"88e7ffd78cae00b.html","type":"text/html","size":2088},{"uid":"64ef2fb101236d91","name":"Request","source":"64ef2fb101236d91.html","type":"text/html","size":939},{"uid":"f8247a6b0a197c93","name":"HTTP/1.1 200 ","source":"f8247a6b0a197c93.html","type":"text/html","size":2225},{"uid":"c163f02dbb8d99a4","name":"Request","source":"c163f02dbb8d99a4.html","type":"text/html","size":3369},{"uid":"cba1d2512ffa3888","name":"HTTP/1.1 200 ","source":"cba1d2512ffa3888.html","type":"text/html","size":3963},{"uid":"2fedf49b7ee320d0","name":"Request","source":"2fedf49b7ee320d0.html","type":"text/html","size":857},{"uid":"87a46cddc2bd5fe7","name":"HTTP/1.1 200 ","source":"87a46cddc2bd5fe7.html","type":"text/html","size":2289},{"uid":"579f7f652719b9a6","name":"Request","source":"579f7f652719b9a6.html","type":"text/html","size":640},{"uid":"865c28c75aedac1a","name":"HTTP/1.1 200 ","source":"865c28c75aedac1a.html","type":"text/html","size":731},{"uid":"27f3fd38b4b04d98","name":"Request","source":"27f3fd38b4b04d98.html","type":"text/html","size":640},{"uid":"a2002918286e3641","name":"HTTP/1.1 200 ","source":"a2002918286e3641.html","type":"text/html","size":731},{"uid":"c58e2745d021662c","name":"Request","source":"c58e2745d021662c.html","type":"text/html","size":640},{"uid":"c6d013f4d6452050","name":"HTTP/1.1 200 ","source":"c6d013f4d6452050.html","type":"text/html","size":731},{"uid":"b935b494f342eb5c","name":"Request","source":"b935b494f342eb5c.html","type":"text/html","size":640},{"uid":"77aba2824a703701","name":"HTTP/1.1 200 ","source":"77aba2824a703701.html","type":"text/html","size":731}],"parameters":[],"shouldDisplayMessage":true,"stepsCount":0,"attachmentsCount":16,"hasContent":true},"afterStages":[{"name":"afterTest","time":{"start":1732526155938,"stop":1732526156054,"duration":116},"description":"","status":"passed","steps":[],"attachments":[{"uid":"ad5c4edc4df14ef5","name":"Request","source":"ad5c4edc4df14ef5.html","type":"text/html","size":602},{"uid":"750014114a062b83","name":"HTTP/1.1 204 ","source":"750014114a062b83.html","type":"text/html","size":478},{"uid":"aec44a747343299a","name":"Request","source":"aec44a747343299a.html","type":"text/html","size":598},{"uid":"99655a2774e826fc","name":"HTTP/1.1 204 ","source":"99655a2774e826fc.html","type":"text/html","size":478},{"uid":"62260d77f2e1b42f","name":"Request","source":"62260d77f2e1b42f.html","type":"text/html","size":564},{"uid":"18024652d4aa5d95","name":"HTTP/1.1 204 ","source":"18024652d4aa5d95.html","type":"text/html","size":478}],"parameters":[],"shouldDisplayMessage":false,"stepsCount":0,"attachmentsCount":6,"hasContent":true}],"labels":[{"name":"package","value":"com.example.wtf_workshop.api.BuildTest"},{"name":"testClass","value":"com.example.wtf_workshop.api.BuildTest"},{"name":"testMethod","value":"userStartsBuildTest"},{"name":"parentSuite","value":"Surefire suite"},{"name":"suite","value":"Surefire test"},{"name":"subSuite","value":"com.example.wtf_workshop.api.BuildTest"},{"name":"host","value":"fv-az736-652"},{"name":"thread","value":"6096@fv-az736-652.main(1)"},{"name":"framework","value":"testng"},{"name":"language","value":"java"},{"name":"resultFormat","value":"allure2"}],"parameters":[],"links":[],"hidden":false,"retry":false,"extra":{"severity":"normal","retries":[],"categories":[{"name":"Test defects","matchedStatuses":[],"flaky":false}],"history":{"statistic":{"failed":0,"broken":6,"skipped":0,"passed":0,"unknown":0,"total":6},"items":[{"uid":"460e33a06305394","reportUrl":"https://ozornoy.github.io/wtf_workshop/api/19//#testresult/460e33a06305394","status":"broken","statusDetails":"Condition with com.example.wtf_workshop.api.BuildTest was not fulfilled within 5 seconds.","time":{"start":1732525328278,"stop":1732525334738,"duration":6460}},{"uid":"73c9d79c12fe9a73","reportUrl":"https://ozornoy.github.io/wtf_workshop/api/18//#testresult/73c9d79c12fe9a73","status":"broken","statusDetails":"Condition with com.example.wtf_workshop.api.BuildTest was not fulfilled within 5 seconds.","time":{"start":1732524556608,"stop":1732524562426,"duration":5818}},{"uid":"2f08fda30c36480e","reportUrl":"https://ozornoy.github.io/wtf_workshop/api/17//#testresult/2f08fda30c36480e","status":"broken","statusDetails":"Condition with com.example.wtf_workshop.api.BuildTest was not fulfilled within 5 seconds.","time":{"start":1732522384664,"stop":1732522391384,"duration":6720}},{"uid":"48b367994450b459","reportUrl":"https://ozornoy.github.io/wtf_workshop/api/15//#testresult/48b367994450b459","status":"broken","statusDetails":"Condition with com.example.wtf_workshop.api.BuildTest was not fulfilled within 5 seconds.","time":{"start":1732520479376,"stop":1732520485925,"duration":6549}},{"uid":"e5b4c25f3e583819","reportUrl":"https://ozornoy.github.io/wtf_workshop/api/14//#testresult/e5b4c25f3e583819","status":"broken","statusDetails":"Condition with com.example.wtf_workshop.api.BuildTest was not fulfilled within 5 seconds.","time":{"start":1732516820242,"stop":1732516826802,"duration":6560}}]},"tags":[]},"source":"f18dd3cadf71673e.json","parameterValues":[]}