{"uid":"e5b4c25f3e583819","name":"User should be able to start build","fullName":"com.example.wtf_workshop.api.BuildTest.userStartsBuildTest","historyId":"4d05d3fb402d70fcca9970ca832b6188","time":{"start":1732516820242,"stop":1732516826802,"duration":6560},"status":"broken","statusMessage":"Condition with com.example.wtf_workshop.api.BuildTest was not fulfilled within 5 seconds.","statusTrace":"org.awaitility.core.ConditionTimeoutException: Condition with com.example.wtf_workshop.api.BuildTest was not fulfilled within 5 seconds.\n\tat org.awaitility.core.ConditionAwaiter.await(ConditionAwaiter.java:166)\n\tat org.awaitility.core.CallableCondition.await(CallableCondition.java:78)\n\tat org.awaitility.core.CallableCondition.await(CallableCondition.java:26)\n\tat org.awaitility.core.ConditionFactory.until(ConditionFactory.java:939)\n\tat org.awaitility.core.ConditionFactory.until(ConditionFactory.java:908)\n\tat com.example.wtf_workshop.api.BuildTest.userStartsBuildTest(BuildTest.java:34)\n\tat java.base/jdk.internal.reflect.NativeMethodAccessorImpl.invoke0(Native Method)\n\tat java.base/jdk.internal.reflect.NativeMethodAccessorImpl.invoke(NativeMethodAccessorImpl.java:77)\n\tat java.base/jdk.internal.reflect.DelegatingMethodAccessorImpl.invoke(DelegatingMethodAccessorImpl.java:43)\n\tat java.base/java.lang.reflect.Method.invoke(Method.java:569)\n\tat org.testng.internal.invokers.MethodInvocationHelper.invokeMethod(MethodInvocationHelper.java:141)\n\tat org.testng.internal.invokers.TestInvoker.invokeMethod(TestInvoker.java:686)\n\tat org.testng.internal.invokers.TestInvoker.invokeTestMethod(TestInvoker.java:230)\n\tat org.testng.internal.invokers.MethodRunner.runInSequence(MethodRunner.java:63)\n\tat org.testng.internal.invokers.TestInvoker$MethodInvocationAgent.invoke(TestInvoker.java:992)\n\tat org.testng.internal.invokers.TestInvoker.invokeTestMethods(TestInvoker.java:203)\n\tat org.testng.internal.invokers.TestMethodWorker.invokeTestMethods(TestMethodWorker.java:154)\n\tat org.testng.internal.invokers.TestMethodWorker.run(TestMethodWorker.java:134)\n\tat java.base/java.util.ArrayList.forEach(ArrayList.java:1511)\n\tat org.testng.TestRunner.privateRun(TestRunner.java:739)\n\tat org.testng.TestRunner.run(TestRunner.java:614)\n\tat org.testng.SuiteRunner.runTest(SuiteRunner.java:421)\n\tat org.testng.SuiteRunner.runSequentially(SuiteRunner.java:413)\n\tat org.testng.SuiteRunner.privateRun(SuiteRunner.java:373)\n\tat org.testng.SuiteRunner.run(SuiteRunner.java:312)\n\tat org.testng.SuiteRunnerWorker.runSuite(SuiteRunnerWorker.java:52)\n\tat org.testng.SuiteRunnerWorker.run(SuiteRunnerWorker.java:95)\n\tat org.testng.TestNG.runSuitesSequentially(TestNG.java:1274)\n\tat org.testng.TestNG.runSuitesLocally(TestNG.java:1208)\n\tat org.testng.TestNG.runSuites(TestNG.java:1112)\n\tat org.testng.TestNG.run(TestNG.java:1079)\n\tat org.apache.maven.surefire.testng.TestNGExecutor.run(TestNGExecutor.java:155)\n\tat org.apache.maven.surefire.testng.TestNGDirectoryTestSuite.executeMulti(TestNGDirectoryTestSuite.java:169)\n\tat org.apache.maven.surefire.testng.TestNGDirectoryTestSuite.execute(TestNGDirectoryTestSuite.java:88)\n\tat org.apache.maven.surefire.testng.TestNGProvider.invoke(TestNGProvider.java:137)\n\tat org.apache.maven.surefire.booter.ForkedBooter.runSuitesInProcess(ForkedBooter.java:385)\n\tat org.apache.maven.surefire.booter.ForkedBooter.execute(ForkedBooter.java:162)\n\tat org.apache.maven.surefire.booter.ForkedBooter.run(ForkedBooter.java:507)\n\tat org.apache.maven.surefire.booter.ForkedBooter.main(ForkedBooter.java:495)\n","flaky":false,"newFailed":false,"newBroken":false,"newPassed":false,"retriesCount":0,"retriesStatusChange":false,"beforeStages":[{"name":"beforeTest","time":{"start":1732516820239,"stop":1732516820240,"duration":1},"description":"","status":"passed","steps":[],"attachments":[],"parameters":[],"shouldDisplayMessage":false,"stepsCount":0,"attachmentsCount":0,"hasContent":false}],"testStage":{"status":"broken","statusMessage":"Condition with com.example.wtf_workshop.api.BuildTest was not fulfilled within 5 seconds.","statusTrace":"org.awaitility.core.ConditionTimeoutException: Condition with com.example.wtf_workshop.api.BuildTest was not fulfilled within 5 seconds.\n\tat org.awaitility.core.ConditionAwaiter.await(ConditionAwaiter.java:166)\n\tat org.awaitility.core.CallableCondition.await(CallableCondition.java:78)\n\tat org.awaitility.core.CallableCondition.await(CallableCondition.java:26)\n\tat org.awaitility.core.ConditionFactory.until(ConditionFactory.java:939)\n\tat org.awaitility.core.ConditionFactory.until(ConditionFactory.java:908)\n\tat com.example.wtf_workshop.api.BuildTest.userStartsBuildTest(BuildTest.java:34)\n\tat java.base/jdk.internal.reflect.NativeMethodAccessorImpl.invoke0(Native Method)\n\tat java.base/jdk.internal.reflect.NativeMethodAccessorImpl.invoke(NativeMethodAccessorImpl.java:77)\n\tat java.base/jdk.internal.reflect.DelegatingMethodAccessorImpl.invoke(DelegatingMethodAccessorImpl.java:43)\n\tat java.base/java.lang.reflect.Method.invoke(Method.java:569)\n\tat org.testng.internal.invokers.MethodInvocationHelper.invokeMethod(MethodInvocationHelper.java:141)\n\tat org.testng.internal.invokers.TestInvoker.invokeMethod(TestInvoker.java:686)\n\tat org.testng.internal.invokers.TestInvoker.invokeTestMethod(TestInvoker.java:230)\n\tat org.testng.internal.invokers.MethodRunner.runInSequence(MethodRunner.java:63)\n\tat org.testng.internal.invokers.TestInvoker$MethodInvocationAgent.invoke(TestInvoker.java:992)\n\tat org.testng.internal.invokers.TestInvoker.invokeTestMethods(TestInvoker.java:203)\n\tat org.testng.internal.invokers.TestMethodWorker.invokeTestMethods(TestMethodWorker.java:154)\n\tat org.testng.internal.invokers.TestMethodWorker.run(TestMethodWorker.java:134)\n\tat java.base/java.util.ArrayList.forEach(ArrayList.java:1511)\n\tat org.testng.TestRunner.privateRun(TestRunner.java:739)\n\tat org.testng.TestRunner.run(TestRunner.java:614)\n\tat org.testng.SuiteRunner.runTest(SuiteRunner.java:421)\n\tat org.testng.SuiteRunner.runSequentially(SuiteRunner.java:413)\n\tat org.testng.SuiteRunner.privateRun(SuiteRunner.java:373)\n\tat org.testng.SuiteRunner.run(SuiteRunner.java:312)\n\tat org.testng.SuiteRunnerWorker.runSuite(SuiteRunnerWorker.java:52)\n\tat org.testng.SuiteRunnerWorker.run(SuiteRunnerWorker.java:95)\n\tat org.testng.TestNG.runSuitesSequentially(TestNG.java:1274)\n\tat org.testng.TestNG.runSuitesLocally(TestNG.java:1208)\n\tat org.testng.TestNG.runSuites(TestNG.java:1112)\n\tat org.testng.TestNG.run(TestNG.java:1079)\n\tat org.apache.maven.surefire.testng.TestNGExecutor.run(TestNGExecutor.java:155)\n\tat org.apache.maven.surefire.testng.TestNGDirectoryTestSuite.executeMulti(TestNGDirectoryTestSuite.java:169)\n\tat org.apache.maven.surefire.testng.TestNGDirectoryTestSuite.execute(TestNGDirectoryTestSuite.java:88)\n\tat org.apache.maven.surefire.testng.TestNGProvider.invoke(TestNGProvider.java:137)\n\tat org.apache.maven.surefire.booter.ForkedBooter.runSuitesInProcess(ForkedBooter.java:385)\n\tat org.apache.maven.surefire.booter.ForkedBooter.execute(ForkedBooter.java:162)\n\tat org.apache.maven.surefire.booter.ForkedBooter.run(ForkedBooter.java:507)\n\tat org.apache.maven.surefire.booter.ForkedBooter.main(ForkedBooter.java:495)\n","steps":[],"attachments":[{"uid":"fc9a2889c31e38c9","name":"Request","source":"fc9a2889c31e38c9.html","type":"text/html","size":1339},{"uid":"7d57c193e320ec5b","name":"HTTP/1.1 200 ","source":"7d57c193e320ec5b.html","type":"text/html","size":2088},{"uid":"4447915706e9ba24","name":"Request","source":"4447915706e9ba24.html","type":"text/html","size":939},{"uid":"9fc38807526897d6","name":"HTTP/1.1 200 ","source":"9fc38807526897d6.html","type":"text/html","size":2225},{"uid":"7ee21f24fc84d646","name":"Request","source":"7ee21f24fc84d646.html","type":"text/html","size":3369},{"uid":"58563ed9e0bba3cc","name":"HTTP/1.1 200 ","source":"58563ed9e0bba3cc.html","type":"text/html","size":3963},{"uid":"5c4b4d80fe311c45","name":"Request","source":"5c4b4d80fe311c45.html","type":"text/html","size":857},{"uid":"9216627c1eafa4f","name":"HTTP/1.1 200 ","source":"9216627c1eafa4f.html","type":"text/html","size":2288},{"uid":"c874f76464160cb1","name":"Request","source":"c874f76464160cb1.html","type":"text/html","size":640},{"uid":"e3db07ea6b565007","name":"HTTP/1.1 200 ","source":"e3db07ea6b565007.html","type":"text/html","size":731},{"uid":"5c8ff41c7da2be61","name":"Request","source":"5c8ff41c7da2be61.html","type":"text/html","size":640},{"uid":"da5e9eb43105323d","name":"HTTP/1.1 200 ","source":"da5e9eb43105323d.html","type":"text/html","size":731},{"uid":"ae61e3ee9908068e","name":"Request","source":"ae61e3ee9908068e.html","type":"text/html","size":640},{"uid":"45b9fa87e96ad6d","name":"HTTP/1.1 200 ","source":"45b9fa87e96ad6d.html","type":"text/html","size":731},{"uid":"aa456cc2ebef1463","name":"Request","source":"aa456cc2ebef1463.html","type":"text/html","size":640},{"uid":"54b918c8ed6ebd71","name":"HTTP/1.1 200 ","source":"54b918c8ed6ebd71.html","type":"text/html","size":731}],"parameters":[],"shouldDisplayMessage":true,"stepsCount":0,"attachmentsCount":16,"hasContent":true},"afterStages":[{"name":"afterTest","time":{"start":1732516826808,"stop":1732516826923,"duration":115},"description":"","status":"passed","steps":[],"attachments":[{"uid":"72da8bd4537d72b8","name":"Request","source":"72da8bd4537d72b8.html","type":"text/html","size":602},{"uid":"cebf450b974d9f58","name":"HTTP/1.1 204 ","source":"cebf450b974d9f58.html","type":"text/html","size":478},{"uid":"eabb0bb60be4fd69","name":"Request","source":"eabb0bb60be4fd69.html","type":"text/html","size":598},{"uid":"1f3162d4a9d79b53","name":"HTTP/1.1 204 ","source":"1f3162d4a9d79b53.html","type":"text/html","size":478},{"uid":"1f40084c5455e282","name":"Request","source":"1f40084c5455e282.html","type":"text/html","size":564},{"uid":"42c527695d7fe87e","name":"HTTP/1.1 204 ","source":"42c527695d7fe87e.html","type":"text/html","size":478}],"parameters":[],"shouldDisplayMessage":false,"stepsCount":0,"attachmentsCount":6,"hasContent":true}],"labels":[{"name":"package","value":"com.example.wtf_workshop.api.BuildTest"},{"name":"testClass","value":"com.example.wtf_workshop.api.BuildTest"},{"name":"testMethod","value":"userStartsBuildTest"},{"name":"parentSuite","value":"Surefire suite"},{"name":"suite","value":"Surefire test"},{"name":"subSuite","value":"com.example.wtf_workshop.api.BuildTest"},{"name":"host","value":"fv-az564-252"},{"name":"thread","value":"5427@fv-az564-252.main(1)"},{"name":"framework","value":"testng"},{"name":"language","value":"java"},{"name":"resultFormat","value":"allure2"}],"parameters":[],"links":[],"hidden":false,"retry":false,"extra":{"severity":"normal","retries":[],"categories":[{"name":"Test defects","matchedStatuses":[],"flaky":false}],"tags":[]},"source":"e5b4c25f3e583819.json","parameterValues":[]}