{"uid":"2f39da06fc637670","name":"User should be able to run build type","fullName":"com.example.wtf_workshop.ui.RunBuildTest.userRunsBuildTest","historyId":"d5b2ff35c29c8798561e0fc296874b6e","time":{"start":1732541649667,"stop":1732541722740,"duration":73073},"status":"failed","statusMessage":"Element should exist {[class*=BuildTypes__item].snapshot(1 elements)[0]/[class*=buildContainer].snapshot(1 elements)[0]}\nElement: 'Ups, failed to describe the element [caused by: StaleElementReferenceException: stale element reference: stale element not found]'\nActual value: does not exist\nScreenshot: file:/home/runner/work/wtf_workshop/wtf_workshop/build/reports/tests/1732541722231.0.png\nPage source: file:/home/runner/work/wtf_workshop/wtf_workshop/build/reports/tests/1732541722231.0.html\nTimeout: 30 s.","statusTrace":"Element should exist {[class*=BuildTypes__item].snapshot(1 elements)[0]/[class*=buildContainer].snapshot(1 elements)[0]}\nElement: 'Ups, failed to describe the element [caused by: StaleElementReferenceException: stale element reference: stale element not found]'\nActual value: does not exist\nScreenshot: file:/home/runner/work/wtf_workshop/wtf_workshop/build/reports/tests/1732541722231.0.png\nPage source: file:/home/runner/work/wtf_workshop/wtf_workshop/build/reports/tests/1732541722231.0.html\nTimeout: 30 s.\n\tat com.codeborne.selenide.impl.WebElementSource.handleError(WebElementSource.java:148)\n\tat com.codeborne.selenide.impl.WebElementSource.checkConditionAndReturnElement(WebElementSource.java:126)\n\tat com.codeborne.selenide.impl.WebElementSource.checkCondition(WebElementSource.java:103)\n\tat com.codeborne.selenide.impl.ElementFinder.createElementNotFoundError(ElementFinder.java:139)\n\tat com.codeborne.selenide.impl.WebElementSource.handleError(WebElementSource.java:142)\n\tat com.codeborne.selenide.impl.WebElementSource.checkConditionAndReturnElement(WebElementSource.java:126)\n\tat com.codeborne.selenide.impl.WebElementSource.checkCondition(WebElementSource.java:103)\n\tat com.codeborne.selenide.commands.Should.execute(Should.java:30)\n\tat com.codeborne.selenide.commands.Should.execute(Should.java:14)\n\tat com.codeborne.selenide.commands.Commands.execute(Commands.java:162)\n\tat com.codeborne.selenide.impl.SelenideElementProxy.dispatchAndRetry(SelenideElementProxy.java:134)\n\tat com.codeborne.selenide.impl.SelenideElementProxy.invoke(SelenideElementProxy.java:86)\n\tat jdk.proxy2/jdk.proxy2.$Proxy31.shouldBe(Unknown Source)\n\tat com.example.wtf_workshop.ui.elements.BuildElement.checkStatus(BuildElement.java:34)\n\tat com.example.wtf_workshop.ui.RunBuildTest.userRunsBuildTest(RunBuildTest.java:33)\n\tat java.base/jdk.internal.reflect.NativeMethodAccessorImpl.invoke0(Native Method)\n\tat java.base/jdk.internal.reflect.NativeMethodAccessorImpl.invoke(NativeMethodAccessorImpl.java:77)\n\tat java.base/jdk.internal.reflect.DelegatingMethodAccessorImpl.invoke(DelegatingMethodAccessorImpl.java:43)\n\tat java.base/java.lang.reflect.Method.invoke(Method.java:569)\n\tat org.testng.internal.invokers.MethodInvocationHelper.invokeMethod(MethodInvocationHelper.java:141)\n\tat org.testng.internal.invokers.TestInvoker.invokeMethod(TestInvoker.java:686)\n\tat org.testng.internal.invokers.TestInvoker.invokeTestMethod(TestInvoker.java:230)\n\tat org.testng.internal.invokers.MethodRunner.runInSequence(MethodRunner.java:63)\n\tat org.testng.internal.invokers.TestInvoker$MethodInvocationAgent.invoke(TestInvoker.java:992)\n\tat org.testng.internal.invokers.TestInvoker.invokeTestMethods(TestInvoker.java:203)\n\tat org.testng.internal.invokers.TestMethodWorker.invokeTestMethods(TestMethodWorker.java:154)\n\tat org.testng.internal.invokers.TestMethodWorker.run(TestMethodWorker.java:134)\n\tat java.base/java.util.ArrayList.forEach(ArrayList.java:1511)\n\tat org.testng.TestRunner.privateRun(TestRunner.java:739)\n\tat org.testng.TestRunner.run(TestRunner.java:614)\n\tat org.testng.SuiteRunner.runTest(SuiteRunner.java:421)\n\tat org.testng.SuiteRunner.runSequentially(SuiteRunner.java:413)\n\tat org.testng.SuiteRunner.privateRun(SuiteRunner.java:373)\n\tat org.testng.SuiteRunner.run(SuiteRunner.java:312)\n\tat org.testng.SuiteRunnerWorker.runSuite(SuiteRunnerWorker.java:52)\n\tat org.testng.SuiteRunnerWorker.run(SuiteRunnerWorker.java:95)\n\tat org.testng.TestNG.runSuitesSequentially(TestNG.java:1274)\n\tat org.testng.TestNG.runSuitesLocally(TestNG.java:1208)\n\tat org.testng.TestNG.runSuites(TestNG.java:1112)\n\tat org.testng.TestNG.run(TestNG.java:1079)\n\tat org.apache.maven.surefire.testng.TestNGExecutor.run(TestNGExecutor.java:155)\n\tat org.apache.maven.surefire.testng.TestNGDirectoryTestSuite.executeMulti(TestNGDirectoryTestSuite.java:169)\n\tat org.apache.maven.surefire.testng.TestNGDirectoryTestSuite.execute(TestNGDirectoryTestSuite.java:88)\n\tat org.apache.maven.surefire.testng.TestNGProvider.invoke(TestNGProvider.java:137)\n\tat org.apache.maven.surefire.booter.ForkedBooter.runSuitesInProcess(ForkedBooter.java:385)\n\tat org.apache.maven.surefire.booter.ForkedBooter.execute(ForkedBooter.java:162)\n\tat org.apache.maven.surefire.booter.ForkedBooter.run(ForkedBooter.java:507)\n\tat org.apache.maven.surefire.booter.ForkedBooter.main(ForkedBooter.java:495)\n","flaky":false,"newFailed":false,"newBroken":false,"newPassed":false,"retriesCount":0,"retriesStatusChange":false,"beforeStages":[{"name":"beforeTest","time":{"start":1732541649424,"stop":1732541649457,"duration":33},"description":"","status":"passed","steps":[],"attachments":[],"parameters":[],"shouldDisplayMessage":false,"stepsCount":0,"attachmentsCount":0,"hasContent":false}],"testStage":{"status":"failed","statusMessage":"Element should exist {[class*=BuildTypes__item].snapshot(1 elements)[0]/[class*=buildContainer].snapshot(1 elements)[0]}\nElement: 'Ups, failed to describe the element [caused by: StaleElementReferenceException: stale element reference: stale element not found]'\nActual value: does not exist\nScreenshot: file:/home/runner/work/wtf_workshop/wtf_workshop/build/reports/tests/1732541722231.0.png\nPage source: file:/home/runner/work/wtf_workshop/wtf_workshop/build/reports/tests/1732541722231.0.html\nTimeout: 30 s.","statusTrace":"Element should exist {[class*=BuildTypes__item].snapshot(1 elements)[0]/[class*=buildContainer].snapshot(1 elements)[0]}\nElement: 'Ups, failed to describe the element [caused by: StaleElementReferenceException: stale element reference: stale element not found]'\nActual value: does not exist\nScreenshot: file:/home/runner/work/wtf_workshop/wtf_workshop/build/reports/tests/1732541722231.0.png\nPage source: file:/home/runner/work/wtf_workshop/wtf_workshop/build/reports/tests/1732541722231.0.html\nTimeout: 30 s.\n\tat com.codeborne.selenide.impl.WebElementSource.handleError(WebElementSource.java:148)\n\tat com.codeborne.selenide.impl.WebElementSource.checkConditionAndReturnElement(WebElementSource.java:126)\n\tat com.codeborne.selenide.impl.WebElementSource.checkCondition(WebElementSource.java:103)\n\tat com.codeborne.selenide.impl.ElementFinder.createElementNotFoundError(ElementFinder.java:139)\n\tat com.codeborne.selenide.impl.WebElementSource.handleError(WebElementSource.java:142)\n\tat com.codeborne.selenide.impl.WebElementSource.checkConditionAndReturnElement(WebElementSource.java:126)\n\tat com.codeborne.selenide.impl.WebElementSource.checkCondition(WebElementSource.java:103)\n\tat com.codeborne.selenide.commands.Should.execute(Should.java:30)\n\tat com.codeborne.selenide.commands.Should.execute(Should.java:14)\n\tat com.codeborne.selenide.commands.Commands.execute(Commands.java:162)\n\tat com.codeborne.selenide.impl.SelenideElementProxy.dispatchAndRetry(SelenideElementProxy.java:134)\n\tat com.codeborne.selenide.impl.SelenideElementProxy.invoke(SelenideElementProxy.java:86)\n\tat jdk.proxy2/jdk.proxy2.$Proxy31.shouldBe(Unknown Source)\n\tat com.example.wtf_workshop.ui.elements.BuildElement.checkStatus(BuildElement.java:34)\n\tat com.example.wtf_workshop.ui.RunBuildTest.userRunsBuildTest(RunBuildTest.java:33)\n\tat java.base/jdk.internal.reflect.NativeMethodAccessorImpl.invoke0(Native Method)\n\tat java.base/jdk.internal.reflect.NativeMethodAccessorImpl.invoke(NativeMethodAccessorImpl.java:77)\n\tat java.base/jdk.internal.reflect.DelegatingMethodAccessorImpl.invoke(DelegatingMethodAccessorImpl.java:43)\n\tat java.base/java.lang.reflect.Method.invoke(Method.java:569)\n\tat org.testng.internal.invokers.MethodInvocationHelper.invokeMethod(MethodInvocationHelper.java:141)\n\tat org.testng.internal.invokers.TestInvoker.invokeMethod(TestInvoker.java:686)\n\tat org.testng.internal.invokers.TestInvoker.invokeTestMethod(TestInvoker.java:230)\n\tat org.testng.internal.invokers.MethodRunner.runInSequence(MethodRunner.java:63)\n\tat org.testng.internal.invokers.TestInvoker$MethodInvocationAgent.invoke(TestInvoker.java:992)\n\tat org.testng.internal.invokers.TestInvoker.invokeTestMethods(TestInvoker.java:203)\n\tat org.testng.internal.invokers.TestMethodWorker.invokeTestMethods(TestMethodWorker.java:154)\n\tat org.testng.internal.invokers.TestMethodWorker.run(TestMethodWorker.java:134)\n\tat java.base/java.util.ArrayList.forEach(ArrayList.java:1511)\n\tat org.testng.TestRunner.privateRun(TestRunner.java:739)\n\tat org.testng.TestRunner.run(TestRunner.java:614)\n\tat org.testng.SuiteRunner.runTest(SuiteRunner.java:421)\n\tat org.testng.SuiteRunner.runSequentially(SuiteRunner.java:413)\n\tat org.testng.SuiteRunner.privateRun(SuiteRunner.java:373)\n\tat org.testng.SuiteRunner.run(SuiteRunner.java:312)\n\tat org.testng.SuiteRunnerWorker.runSuite(SuiteRunnerWorker.java:52)\n\tat org.testng.SuiteRunnerWorker.run(SuiteRunnerWorker.java:95)\n\tat org.testng.TestNG.runSuitesSequentially(TestNG.java:1274)\n\tat org.testng.TestNG.runSuitesLocally(TestNG.java:1208)\n\tat org.testng.TestNG.runSuites(TestNG.java:1112)\n\tat org.testng.TestNG.run(TestNG.java:1079)\n\tat org.apache.maven.surefire.testng.TestNGExecutor.run(TestNGExecutor.java:155)\n\tat org.apache.maven.surefire.testng.TestNGDirectoryTestSuite.executeMulti(TestNGDirectoryTestSuite.java:169)\n\tat org.apache.maven.surefire.testng.TestNGDirectoryTestSuite.execute(TestNGDirectoryTestSuite.java:88)\n\tat org.apache.maven.surefire.testng.TestNGProvider.invoke(TestNGProvider.java:137)\n\tat org.apache.maven.surefire.booter.ForkedBooter.runSuitesInProcess(ForkedBooter.java:385)\n\tat org.apache.maven.surefire.booter.ForkedBooter.execute(ForkedBooter.java:162)\n\tat org.apache.maven.surefire.booter.ForkedBooter.run(ForkedBooter.java:507)\n\tat org.apache.maven.surefire.booter.ForkedBooter.main(ForkedBooter.java:495)\n","steps":[{"name":"$(\"open\") http://172.17.0.1:8111/login.html","time":{"start":1732541653677,"stop":1732541659480,"duration":5803},"status":"passed","steps":[{"name":"$(\"webdriver\") create()","time":{"start":1732541653689,"stop":1732541657882,"duration":4193},"status":"passed","steps":[],"attachments":[],"parameters":[],"shouldDisplayMessage":false,"stepsCount":0,"attachmentsCount":0,"hasContent":false}],"attachments":[],"parameters":[],"shouldDisplayMessage":false,"stepsCount":1,"attachmentsCount":0,"hasContent":true},{"name":"$(\"#username\") val(test_YkUUOCZlnZ)","time":{"start":1732541659525,"stop":1732541660051,"duration":526},"status":"passed","steps":[],"attachments":[],"parameters":[],"shouldDisplayMessage":false,"stepsCount":0,"attachmentsCount":0,"hasContent":false},{"name":"$(\"#password\") val(test_cbkfXkiCoa)","time":{"start":1732541660051,"stop":1732541660626,"duration":575},"status":"passed","steps":[],"attachments":[],"parameters":[],"shouldDisplayMessage":false,"stepsCount":0,"attachmentsCount":0,"hasContent":false},{"name":"$(\".loginButton\") click()","time":{"start":1732541660627,"stop":1732541660793,"duration":166},"status":"passed","steps":[],"attachments":[],"parameters":[],"shouldDisplayMessage":false,"stepsCount":0,"attachmentsCount":0,"hasContent":false},{"name":"$(\"[data-test=sidebar]/[data-test=sidebar-search]\") should be([visible, 30 s.])","time":{"start":1732541660799,"stop":1732541687261,"duration":26462},"status":"passed","steps":[],"attachments":[],"parameters":[],"shouldDisplayMessage":false,"stepsCount":0,"attachmentsCount":0,"hasContent":false},{"name":"$(\"open\") http://172.17.0.1:8111/project/test_niwtVCESMz","time":{"start":1732541688449,"stop":1732541689464,"duration":1015},"status":"passed","steps":[],"attachments":[],"parameters":[],"shouldDisplayMessage":false,"stepsCount":0,"attachmentsCount":0,"hasContent":false},{"name":"$(\"[class*=ProjectPageHeader__title]\") should be([visible, 30 s.])","time":{"start":1732541689465,"stop":1732541690149,"duration":684},"status":"passed","steps":[],"attachments":[],"parameters":[],"shouldDisplayMessage":false,"stepsCount":0,"attachmentsCount":0,"hasContent":false},{"name":"$(\"[class*=BuildTypes__item].snapshot(1 elements)[0]/[class*=Details__button]\") click()","time":{"start":1732541690185,"stop":1732541690299,"duration":114},"status":"passed","steps":[],"attachments":[],"parameters":[],"shouldDisplayMessage":false,"stepsCount":0,"attachmentsCount":0,"hasContent":false},{"name":"$(\"[class*=BuildTypes__item].snapshot(1 elements)[0]/[data-test=run-build]\") click()","time":{"start":1732541690323,"stop":1732541690790,"duration":467},"status":"passed","steps":[],"attachments":[],"parameters":[],"shouldDisplayMessage":false,"stepsCount":0,"attachmentsCount":0,"hasContent":false},{"name":"$(\"[class*=BuildTypes__item].snapshot(1 elements)[0]/[class*=buildContainer]\") should have(size(1))","time":{"start":1732541690799,"stop":1732541691929,"duration":1130},"status":"passed","steps":[],"attachments":[],"parameters":[],"shouldDisplayMessage":false,"stepsCount":0,"attachmentsCount":0,"hasContent":false},{"name":"$(\"[class*=BuildTypes__item].snapshot(1 elements)[0]/[class*=buildContainer].snapshot(1 elements)[0]/[class*=Build__status]\") should be([visible, 30 s.])","time":{"start":1732541692033,"stop":1732541722737,"duration":30704},"status":"failed","statusMessage":"Element should exist {[class*=BuildTypes__item].snapshot(1 elements)[0]/[class*=buildContainer].snapshot(1 elements)[0]}\nElement: 'Ups, failed to describe the element [caused by: StaleElementReferenceException: stale element reference: stale element not found]'\nActual value: does not exist\nScreenshot: file:/home/runner/work/wtf_workshop/wtf_workshop/build/reports/tests/1732541722231.0.png\nPage source: file:/home/runner/work/wtf_workshop/wtf_workshop/build/reports/tests/1732541722231.0.html\nTimeout: 30 s.","statusTrace":"Element should exist {[class*=BuildTypes__item].snapshot(1 elements)[0]/[class*=buildContainer].snapshot(1 elements)[0]}\nElement: 'Ups, failed to describe the element [caused by: StaleElementReferenceException: stale element reference: stale element not found]'\nActual value: does not exist\nScreenshot: file:/home/runner/work/wtf_workshop/wtf_workshop/build/reports/tests/1732541722231.0.png\nPage source: file:/home/runner/work/wtf_workshop/wtf_workshop/build/reports/tests/1732541722231.0.html\nTimeout: 30 s.\n\tat com.codeborne.selenide.impl.WebElementSource.handleError(WebElementSource.java:148)\n\tat com.codeborne.selenide.impl.WebElementSource.checkConditionAndReturnElement(WebElementSource.java:126)\n\tat com.codeborne.selenide.impl.WebElementSource.checkCondition(WebElementSource.java:103)\n\tat com.codeborne.selenide.impl.ElementFinder.createElementNotFoundError(ElementFinder.java:139)\n\tat com.codeborne.selenide.impl.WebElementSource.handleError(WebElementSource.java:142)\n\tat com.codeborne.selenide.impl.WebElementSource.checkConditionAndReturnElement(WebElementSource.java:126)\n\tat com.codeborne.selenide.impl.WebElementSource.checkCondition(WebElementSource.java:103)\n\tat com.codeborne.selenide.commands.Should.execute(Should.java:30)\n\tat com.codeborne.selenide.commands.Should.execute(Should.java:14)\n\tat com.codeborne.selenide.commands.Commands.execute(Commands.java:162)\n\tat com.codeborne.selenide.impl.SelenideElementProxy.dispatchAndRetry(SelenideElementProxy.java:134)\n\tat com.codeborne.selenide.impl.SelenideElementProxy.invoke(SelenideElementProxy.java:86)\n\tat jdk.proxy2/jdk.proxy2.$Proxy31.shouldBe(Unknown Source)\n\tat com.example.wtf_workshop.ui.elements.BuildElement.checkStatus(BuildElement.java:34)\n\tat com.example.wtf_workshop.ui.RunBuildTest.userRunsBuildTest(RunBuildTest.java:33)\n\tat java.base/jdk.internal.reflect.NativeMethodAccessorImpl.invoke0(Native Method)\n\tat java.base/jdk.internal.reflect.NativeMethodAccessorImpl.invoke(NativeMethodAccessorImpl.java:77)\n\tat java.base/jdk.internal.reflect.DelegatingMethodAccessorImpl.invoke(DelegatingMethodAccessorImpl.java:43)\n\tat java.base/java.lang.reflect.Method.invoke(Method.java:569)\n\tat org.testng.internal.invokers.MethodInvocationHelper.invokeMethod(MethodInvocationHelper.java:141)\n\tat org.testng.internal.invokers.TestInvoker.invokeMethod(TestInvoker.java:686)\n\tat org.testng.internal.invokers.TestInvoker.invokeTestMethod(TestInvoker.java:230)\n\tat org.testng.internal.invokers.MethodRunner.runInSequence(MethodRunner.java:63)\n\tat org.testng.internal.invokers.TestInvoker$MethodInvocationAgent.invoke(TestInvoker.java:992)\n\tat org.testng.internal.invokers.TestInvoker.invokeTestMethods(TestInvoker.java:203)\n\tat org.testng.internal.invokers.TestMethodWorker.invokeTestMethods(TestMethodWorker.java:154)\n\tat org.testng.internal.invokers.TestMethodWorker.run(TestMethodWorker.java:134)\n\tat java.base/java.util.ArrayList.forEach(ArrayList.java:1511)\n\tat org.testng.TestRunner.privateRun(TestRunner.java:739)\n\tat org.testng.TestRunner.run(TestRunner.java:614)\n\tat org.testng.SuiteRunner.runTest(SuiteRunner.java:421)\n\tat org.testng.SuiteRunner.runSequentially(SuiteRunner.java:413)\n\tat org.testng.SuiteRunner.privateRun(SuiteRunner.java:373)\n\tat org.testng.SuiteRunner.run(SuiteRunner.java:312)\n\tat org.testng.SuiteRunnerWorker.runSuite(SuiteRunnerWorker.java:52)\n\tat org.testng.SuiteRunnerWorker.run(SuiteRunnerWorker.java:95)\n\tat org.testng.TestNG.runSuitesSequentially(TestNG.java:1274)\n\tat org.testng.TestNG.runSuitesLocally(TestNG.java:1208)\n\tat org.testng.TestNG.runSuites(TestNG.java:1112)\n\tat org.testng.TestNG.run(TestNG.java:1079)\n\tat org.apache.maven.surefire.testng.TestNGExecutor.run(TestNGExecutor.java:155)\n\tat org.apache.maven.surefire.testng.TestNGDirectoryTestSuite.executeMulti(TestNGDirectoryTestSuite.java:169)\n\tat org.apache.maven.surefire.testng.TestNGDirectoryTestSuite.execute(TestNGDirectoryTestSuite.java:88)\n\tat org.apache.maven.surefire.testng.TestNGProvider.invoke(TestNGProvider.java:137)\n\tat org.apache.maven.surefire.booter.ForkedBooter.runSuitesInProcess(ForkedBooter.java:385)\n\tat org.apache.maven.surefire.booter.ForkedBooter.execute(ForkedBooter.java:162)\n\tat org.apache.maven.surefire.booter.ForkedBooter.run(ForkedBooter.java:507)\n\tat org.apache.maven.surefire.booter.ForkedBooter.main(ForkedBooter.java:495)\n","steps":[],"attachments":[{"uid":"92012bfb355fdaaa","name":"Screenshot","source":"92012bfb355fdaaa.png","type":"image/png","size":88230},{"uid":"22ae98bedb06bb65","name":"Page source","source":"22ae98bedb06bb65.html","type":"text/html","size":223867}],"parameters":[],"shouldDisplayMessage":true,"stepsCount":0,"attachmentsCount":2,"hasContent":true}],"attachments":[{"uid":"50339e0ffb0853fc","name":"Request","source":"50339e0ffb0853fc.html","type":"text/html","size":1339},{"uid":"53e389405bc6a0ac","name":"HTTP/1.1 200 ","source":"53e389405bc6a0ac.html","type":"text/html","size":2088},{"uid":"39aa9735cd570212","name":"Request","source":"39aa9735cd570212.html","type":"text/html","size":917},{"uid":"a3732bfde12bdbfd","name":"HTTP/1.1 200 ","source":"a3732bfde12bdbfd.html","type":"text/html","size":2225},{"uid":"a6e0418753076077","name":"Request","source":"a6e0418753076077.html","type":"text/html","size":3347},{"uid":"1942f18ec148263b","name":"HTTP/1.1 200 ","source":"1942f18ec148263b.html","type":"text/html","size":3963}],"parameters":[],"shouldDisplayMessage":false,"stepsCount":12,"attachmentsCount":8,"hasContent":true},"afterStages":[{"name":"closeWebDriver","time":{"start":1732541722757,"stop":1732541722827,"duration":70},"description":"","status":"passed","steps":[{"name":"$(\"webdriver\") close()","time":{"start":1732541722757,"stop":1732541722827,"duration":70},"status":"passed","steps":[],"attachments":[],"parameters":[],"shouldDisplayMessage":false,"stepsCount":0,"attachmentsCount":0,"hasContent":false}],"attachments":[],"parameters":[],"shouldDisplayMessage":false,"stepsCount":1,"attachmentsCount":0,"hasContent":true},{"name":"afterTest","time":{"start":1732541722828,"stop":1732541723286,"duration":458},"description":"","status":"passed","steps":[],"attachments":[{"uid":"81ca4fbdf4979845","name":"Request","source":"81ca4fbdf4979845.html","type":"text/html","size":602},{"uid":"2a82f81e3d53cc9","name":"HTTP/1.1 204 ","source":"2a82f81e3d53cc9.html","type":"text/html","size":478},{"uid":"5592c9081b98fe89","name":"Request","source":"5592c9081b98fe89.html","type":"text/html","size":598},{"uid":"9696531920771be3","name":"HTTP/1.1 204 ","source":"9696531920771be3.html","type":"text/html","size":478},{"uid":"411a0b6c81ef0197","name":"Request","source":"411a0b6c81ef0197.html","type":"text/html","size":564},{"uid":"e0814aa3544941fb","name":"HTTP/1.1 204 ","source":"e0814aa3544941fb.html","type":"text/html","size":478}],"parameters":[],"shouldDisplayMessage":false,"stepsCount":0,"attachmentsCount":6,"hasContent":true}],"labels":[{"name":"package","value":"com.example.wtf_workshop.ui.RunBuildTest"},{"name":"testClass","value":"com.example.wtf_workshop.ui.RunBuildTest"},{"name":"testMethod","value":"userRunsBuildTest"},{"name":"parentSuite","value":"Surefire suite"},{"name":"suite","value":"Surefire test"},{"name":"subSuite","value":"com.example.wtf_workshop.ui.RunBuildTest"},{"name":"host","value":"fv-az702-874"},{"name":"thread","value":"5571@fv-az702-874.main(1)"},{"name":"framework","value":"testng"},{"name":"language","value":"java"},{"name":"resultFormat","value":"allure2"}],"parameters":[],"links":[],"hidden":false,"retry":false,"extra":{"severity":"normal","retries":[],"categories":[{"name":"Product defects","matchedStatuses":[],"flaky":false}],"history":{"statistic":{"failed":2,"broken":9,"skipped":0,"passed":2,"unknown":0,"total":13},"items":[{"uid":"3b5e632b5e940582","reportUrl":"https://ozornoy.github.io/wtf_workshop/ui/27//#testresult/3b5e632b5e940582","status":"failed","statusDetails":"Element not found {[class*=BuildTypes__item].snapshot(1 elements)[0]/[class*=buildContainer].snapshot(1 elements)[0]/[class*=BuildDetailsTabs__link].findBy(exact text \"Build Log\")}\nExpected: clickable: interactable and enabled\nScreenshot: file:/home/runner/work/wtf_workshop/wtf_workshop/build/reports/tests/1732540113436.0.png\nPage source: file:/home/runner/work/wtf_workshop/wtf_workshop/build/reports/tests/1732540113436.0.html\nTimeout: 4 s.\nCaused by: StaleElementReferenceException: stale element reference: stale element not found","time":{"start":1732540087846,"stop":1732540113849,"duration":26003}},{"uid":"afc797cf5b9e0f0f","reportUrl":"https://ozornoy.github.io/wtf_workshop/ui/26//#testresult/afc797cf5b9e0f0f","status":"passed","time":{"start":1732538168081,"stop":1732538193048,"duration":24967}},{"uid":"8b68c92ea948b7fa","reportUrl":"https://ozornoy.github.io/wtf_workshop/ui/26//#testresult/8b68c92ea948b7fa","status":"passed","time":{"start":1732537508223,"stop":1732537532885,"duration":24662}},{"uid":"2d95d1eaa07b5a62","reportUrl":"https://ozornoy.github.io/wtf_workshop/ui/25//#testresult/2d95d1eaa07b5a62","status":"broken","statusDetails":"Failed to create new instance of class com.example.wtf_workshop.ui.pages.BuildPage","time":{"start":1732535820498,"stop":1732535848234,"duration":27736}},{"uid":"40946671fc4f9a63","reportUrl":"https://ozornoy.github.io/wtf_workshop/ui/24//#testresult/40946671fc4f9a63","status":"broken","statusDetails":"Failed to create new instance of class com.example.wtf_workshop.ui.pages.ProjectsPage","time":{"start":1732534315175,"stop":1732534334655,"duration":19480}},{"uid":"159974a1f58f20e0","reportUrl":"https://ozornoy.github.io/wtf_workshop/ui/23//#testresult/159974a1f58f20e0","status":"broken","statusDetails":"Failed to create new instance of class com.example.wtf_workshop.ui.pages.ProjectsPage","time":{"start":1732529068929,"stop":1732529103698,"duration":34769}},{"uid":"feeb1918baa9b16c","reportUrl":"https://ozornoy.github.io/wtf_workshop/ui/22//#testresult/feeb1918baa9b16c","status":"broken","statusDetails":"Failed to create new instance of class com.example.wtf_workshop.ui.pages.ProjectsPage","time":{"start":1732528453840,"stop":1732528491523,"duration":37683}},{"uid":"954ea41a31310250","reportUrl":"https://ozornoy.github.io/wtf_workshop/ui/21//#testresult/954ea41a31310250","status":"broken","statusDetails":"Failed to create new instance of class com.example.wtf_workshop.ui.pages.ProjectsPage","time":{"start":1732527646695,"stop":1732527666525,"duration":19830}},{"uid":"9d3ce12e71b6ba34","reportUrl":"https://ozornoy.github.io/wtf_workshop/ui/20//#testresult/9d3ce12e71b6ba34","status":"broken","statusDetails":"Failed to create new instance of class com.example.wtf_workshop.ui.pages.ProjectsPage","time":{"start":1732526146665,"stop":1732526168017,"duration":21352}},{"uid":"2a03dc2e51c4e776","reportUrl":"https://ozornoy.github.io/wtf_workshop/ui/19//#testresult/2a03dc2e51c4e776","status":"broken","statusDetails":"Failed to create new instance of class com.example.wtf_workshop.ui.pages.ProjectsPage","time":{"start":1732525293639,"stop":1732525331084,"duration":37445}},{"uid":"5a1247966ed6375d","reportUrl":"https://ozornoy.github.io/wtf_workshop/ui/18//#testresult/5a1247966ed6375d","status":"broken","statusDetails":"Failed to create new instance of class com.example.wtf_workshop.ui.pages.BuildPage","time":{"start":1732524548107,"stop":1732524579596,"duration":31489}},{"uid":"f81335c210dac1fc","reportUrl":"https://ozornoy.github.io/wtf_workshop/ui/17//#testresult/f81335c210dac1fc","status":"broken","statusDetails":"Failed to create new instance of class com.example.wtf_workshop.ui.pages.ProjectsPage","time":{"start":1732522375249,"stop":1732522414823,"duration":39574}}]},"tags":[]},"source":"2f39da06fc637670.json","parameterValues":[]}