{"uid":"460e33a06305394","name":"User should be able to start build","fullName":"com.example.wtf_workshop.api.BuildTest.userStartsBuildTest","historyId":"4d05d3fb402d70fcca9970ca832b6188","time":{"start":1732525328278,"stop":1732525334738,"duration":6460},"status":"broken","statusMessage":"Condition with com.example.wtf_workshop.api.BuildTest was not fulfilled within 5 seconds.","statusTrace":"org.awaitility.core.ConditionTimeoutException: Condition with com.example.wtf_workshop.api.BuildTest was not fulfilled within 5 seconds.\n\tat org.awaitility.core.ConditionAwaiter.await(ConditionAwaiter.java:166)\n\tat org.awaitility.core.CallableCondition.await(CallableCondition.java:78)\n\tat org.awaitility.core.CallableCondition.await(CallableCondition.java:26)\n\tat org.awaitility.core.ConditionFactory.until(ConditionFactory.java:939)\n\tat org.awaitility.core.ConditionFactory.until(ConditionFactory.java:908)\n\tat com.example.wtf_workshop.api.BuildTest.userStartsBuildTest(BuildTest.java:34)\n\tat java.base/jdk.internal.reflect.NativeMethodAccessorImpl.invoke0(Native Method)\n\tat java.base/jdk.internal.reflect.NativeMethodAccessorImpl.invoke(NativeMethodAccessorImpl.java:77)\n\tat java.base/jdk.internal.reflect.DelegatingMethodAccessorImpl.invoke(DelegatingMethodAccessorImpl.java:43)\n\tat java.base/java.lang.reflect.Method.invoke(Method.java:569)\n\tat org.testng.internal.invokers.MethodInvocationHelper.invokeMethod(MethodInvocationHelper.java:141)\n\tat org.testng.internal.invokers.TestInvoker.invokeMethod(TestInvoker.java:686)\n\tat org.testng.internal.invokers.TestInvoker.invokeTestMethod(TestInvoker.java:230)\n\tat org.testng.internal.invokers.MethodRunner.runInSequence(MethodRunner.java:63)\n\tat org.testng.internal.invokers.TestInvoker$MethodInvocationAgent.invoke(TestInvoker.java:992)\n\tat org.testng.internal.invokers.TestInvoker.invokeTestMethods(TestInvoker.java:203)\n\tat org.testng.internal.invokers.TestMethodWorker.invokeTestMethods(TestMethodWorker.java:154)\n\tat org.testng.internal.invokers.TestMethodWorker.run(TestMethodWorker.java:134)\n\tat java.base/java.util.ArrayList.forEach(ArrayList.java:1511)\n\tat org.testng.TestRunner.privateRun(TestRunner.java:739)\n\tat org.testng.TestRunner.run(TestRunner.java:614)\n\tat org.testng.SuiteRunner.runTest(SuiteRunner.java:421)\n\tat org.testng.SuiteRunner.runSequentially(SuiteRunner.java:413)\n\tat org.testng.SuiteRunner.privateRun(SuiteRunner.java:373)\n\tat org.testng.SuiteRunner.run(SuiteRunner.java:312)\n\tat org.testng.SuiteRunnerWorker.runSuite(SuiteRunnerWorker.java:52)\n\tat org.testng.SuiteRunnerWorker.run(SuiteRunnerWorker.java:95)\n\tat org.testng.TestNG.runSuitesSequentially(TestNG.java:1274)\n\tat org.testng.TestNG.runSuitesLocally(TestNG.java:1208)\n\tat org.testng.TestNG.runSuites(TestNG.java:1112)\n\tat org.testng.TestNG.run(TestNG.java:1079)\n\tat org.apache.maven.surefire.testng.TestNGExecutor.run(TestNGExecutor.java:155)\n\tat org.apache.maven.surefire.testng.TestNGDirectoryTestSuite.executeMulti(TestNGDirectoryTestSuite.java:169)\n\tat org.apache.maven.surefire.testng.TestNGDirectoryTestSuite.execute(TestNGDirectoryTestSuite.java:88)\n\tat org.apache.maven.surefire.testng.TestNGProvider.invoke(TestNGProvider.java:137)\n\tat org.apache.maven.surefire.booter.ForkedBooter.runSuitesInProcess(ForkedBooter.java:385)\n\tat org.apache.maven.surefire.booter.ForkedBooter.execute(ForkedBooter.java:162)\n\tat org.apache.maven.surefire.booter.ForkedBooter.run(ForkedBooter.java:507)\n\tat org.apache.maven.surefire.booter.ForkedBooter.main(ForkedBooter.java:495)\n","flaky":false,"newFailed":false,"newBroken":false,"newPassed":false,"retriesCount":0,"retriesStatusChange":false,"beforeStages":[{"name":"beforeTest","time":{"start":1732525328273,"stop":1732525328275,"duration":2},"description":"","status":"passed","steps":[],"attachments":[],"parameters":[],"shouldDisplayMessage":false,"stepsCount":0,"attachmentsCount":0,"hasContent":false}],"testStage":{"status":"broken","statusMessage":"Condition with com.example.wtf_workshop.api.BuildTest was not fulfilled within 5 seconds.","statusTrace":"org.awaitility.core.ConditionTimeoutException: Condition with com.example.wtf_workshop.api.BuildTest was not fulfilled within 5 seconds.\n\tat org.awaitility.core.ConditionAwaiter.await(ConditionAwaiter.java:166)\n\tat org.awaitility.core.CallableCondition.await(CallableCondition.java:78)\n\tat org.awaitility.core.CallableCondition.await(CallableCondition.java:26)\n\tat org.awaitility.core.ConditionFactory.until(ConditionFactory.java:939)\n\tat org.awaitility.core.ConditionFactory.until(ConditionFactory.java:908)\n\tat com.example.wtf_workshop.api.BuildTest.userStartsBuildTest(BuildTest.java:34)\n\tat java.base/jdk.internal.reflect.NativeMethodAccessorImpl.invoke0(Native Method)\n\tat java.base/jdk.internal.reflect.NativeMethodAccessorImpl.invoke(NativeMethodAccessorImpl.java:77)\n\tat java.base/jdk.internal.reflect.DelegatingMethodAccessorImpl.invoke(DelegatingMethodAccessorImpl.java:43)\n\tat java.base/java.lang.reflect.Method.invoke(Method.java:569)\n\tat org.testng.internal.invokers.MethodInvocationHelper.invokeMethod(MethodInvocationHelper.java:141)\n\tat org.testng.internal.invokers.TestInvoker.invokeMethod(TestInvoker.java:686)\n\tat org.testng.internal.invokers.TestInvoker.invokeTestMethod(TestInvoker.java:230)\n\tat org.testng.internal.invokers.MethodRunner.runInSequence(MethodRunner.java:63)\n\tat org.testng.internal.invokers.TestInvoker$MethodInvocationAgent.invoke(TestInvoker.java:992)\n\tat org.testng.internal.invokers.TestInvoker.invokeTestMethods(TestInvoker.java:203)\n\tat org.testng.internal.invokers.TestMethodWorker.invokeTestMethods(TestMethodWorker.java:154)\n\tat org.testng.internal.invokers.TestMethodWorker.run(TestMethodWorker.java:134)\n\tat java.base/java.util.ArrayList.forEach(ArrayList.java:1511)\n\tat org.testng.TestRunner.privateRun(TestRunner.java:739)\n\tat org.testng.TestRunner.run(TestRunner.java:614)\n\tat org.testng.SuiteRunner.runTest(SuiteRunner.java:421)\n\tat org.testng.SuiteRunner.runSequentially(SuiteRunner.java:413)\n\tat org.testng.SuiteRunner.privateRun(SuiteRunner.java:373)\n\tat org.testng.SuiteRunner.run(SuiteRunner.java:312)\n\tat org.testng.SuiteRunnerWorker.runSuite(SuiteRunnerWorker.java:52)\n\tat org.testng.SuiteRunnerWorker.run(SuiteRunnerWorker.java:95)\n\tat org.testng.TestNG.runSuitesSequentially(TestNG.java:1274)\n\tat org.testng.TestNG.runSuitesLocally(TestNG.java:1208)\n\tat org.testng.TestNG.runSuites(TestNG.java:1112)\n\tat org.testng.TestNG.run(TestNG.java:1079)\n\tat org.apache.maven.surefire.testng.TestNGExecutor.run(TestNGExecutor.java:155)\n\tat org.apache.maven.surefire.testng.TestNGDirectoryTestSuite.executeMulti(TestNGDirectoryTestSuite.java:169)\n\tat org.apache.maven.surefire.testng.TestNGDirectoryTestSuite.execute(TestNGDirectoryTestSuite.java:88)\n\tat org.apache.maven.surefire.testng.TestNGProvider.invoke(TestNGProvider.java:137)\n\tat org.apache.maven.surefire.booter.ForkedBooter.runSuitesInProcess(ForkedBooter.java:385)\n\tat org.apache.maven.surefire.booter.ForkedBooter.execute(ForkedBooter.java:162)\n\tat org.apache.maven.surefire.booter.ForkedBooter.run(ForkedBooter.java:507)\n\tat org.apache.maven.surefire.booter.ForkedBooter.main(ForkedBooter.java:495)\n","steps":[],"attachments":[{"uid":"8691238378668d52","name":"Request","source":"8691238378668d52.html","type":"text/html","size":1339},{"uid":"dd8b8ecfcfbeedda","name":"HTTP/1.1 200 ","source":"dd8b8ecfcfbeedda.html","type":"text/html","size":2088},{"uid":"d64c197a79968f15","name":"Request","source":"d64c197a79968f15.html","type":"text/html","size":939},{"uid":"1466c51aca573a96","name":"HTTP/1.1 200 ","source":"1466c51aca573a96.html","type":"text/html","size":2225},{"uid":"b0c3a4a46a48682e","name":"Request","source":"b0c3a4a46a48682e.html","type":"text/html","size":3369},{"uid":"95d4992004a46050","name":"HTTP/1.1 200 ","source":"95d4992004a46050.html","type":"text/html","size":3963},{"uid":"7b7ac4569cccc1f","name":"Request","source":"7b7ac4569cccc1f.html","type":"text/html","size":857},{"uid":"ed908513052a948e","name":"HTTP/1.1 200 ","source":"ed908513052a948e.html","type":"text/html","size":2288},{"uid":"9445fe96ecd710d9","name":"Request","source":"9445fe96ecd710d9.html","type":"text/html","size":640},{"uid":"cf9de8deee0d6b85","name":"HTTP/1.1 200 ","source":"cf9de8deee0d6b85.html","type":"text/html","size":731},{"uid":"3ce403f03a85a7bd","name":"Request","source":"3ce403f03a85a7bd.html","type":"text/html","size":640},{"uid":"e4af2ae45fe657de","name":"HTTP/1.1 200 ","source":"e4af2ae45fe657de.html","type":"text/html","size":731},{"uid":"8d18049da9c195aa","name":"Request","source":"8d18049da9c195aa.html","type":"text/html","size":640},{"uid":"9c815d23bae7e8c7","name":"HTTP/1.1 200 ","source":"9c815d23bae7e8c7.html","type":"text/html","size":731},{"uid":"bf23f2248af04361","name":"Request","source":"bf23f2248af04361.html","type":"text/html","size":640},{"uid":"5014967897d52748","name":"HTTP/1.1 200 ","source":"5014967897d52748.html","type":"text/html","size":731}],"parameters":[],"shouldDisplayMessage":true,"stepsCount":0,"attachmentsCount":16,"hasContent":true},"afterStages":[{"name":"afterTest","time":{"start":1732525334741,"stop":1732525334863,"duration":122},"description":"","status":"passed","steps":[],"attachments":[{"uid":"965b7d5a212b6c4e","name":"Request","source":"965b7d5a212b6c4e.html","type":"text/html","size":602},{"uid":"e2773812b136f88b","name":"HTTP/1.1 204 ","source":"e2773812b136f88b.html","type":"text/html","size":478},{"uid":"84bbd8f44764b53","name":"Request","source":"84bbd8f44764b53.html","type":"text/html","size":598},{"uid":"dcd93c162219acaa","name":"HTTP/1.1 204 ","source":"dcd93c162219acaa.html","type":"text/html","size":478},{"uid":"27b9f403ca7e8e5","name":"Request","source":"27b9f403ca7e8e5.html","type":"text/html","size":564},{"uid":"81d72f7ebbf03bf3","name":"HTTP/1.1 204 ","source":"81d72f7ebbf03bf3.html","type":"text/html","size":478}],"parameters":[],"shouldDisplayMessage":false,"stepsCount":0,"attachmentsCount":6,"hasContent":true}],"labels":[{"name":"package","value":"com.example.wtf_workshop.api.BuildTest"},{"name":"testClass","value":"com.example.wtf_workshop.api.BuildTest"},{"name":"testMethod","value":"userStartsBuildTest"},{"name":"parentSuite","value":"Surefire suite"},{"name":"suite","value":"Surefire test"},{"name":"subSuite","value":"com.example.wtf_workshop.api.BuildTest"},{"name":"host","value":"fv-az1756-535"},{"name":"thread","value":"6081@fv-az1756-535.main(1)"},{"name":"framework","value":"testng"},{"name":"language","value":"java"},{"name":"resultFormat","value":"allure2"}],"parameters":[],"links":[],"hidden":false,"retry":false,"extra":{"severity":"normal","retries":[],"categories":[{"name":"Test defects","matchedStatuses":[],"flaky":false}],"history":{"statistic":{"failed":0,"broken":5,"skipped":0,"passed":0,"unknown":0,"total":5},"items":[{"uid":"73c9d79c12fe9a73","reportUrl":"https://ozornoy.github.io/wtf_workshop/api/18//#testresult/73c9d79c12fe9a73","status":"broken","statusDetails":"Condition with com.example.wtf_workshop.api.BuildTest was not fulfilled within 5 seconds.","time":{"start":1732524556608,"stop":1732524562426,"duration":5818}},{"uid":"2f08fda30c36480e","reportUrl":"https://ozornoy.github.io/wtf_workshop/api/17//#testresult/2f08fda30c36480e","status":"broken","statusDetails":"Condition with com.example.wtf_workshop.api.BuildTest was not fulfilled within 5 seconds.","time":{"start":1732522384664,"stop":1732522391384,"duration":6720}},{"uid":"48b367994450b459","reportUrl":"https://ozornoy.github.io/wtf_workshop/api/15//#testresult/48b367994450b459","status":"broken","statusDetails":"Condition with com.example.wtf_workshop.api.BuildTest was not fulfilled within 5 seconds.","time":{"start":1732520479376,"stop":1732520485925,"duration":6549}},{"uid":"e5b4c25f3e583819","reportUrl":"https://ozornoy.github.io/wtf_workshop/api/14//#testresult/e5b4c25f3e583819","status":"broken","statusDetails":"Condition with com.example.wtf_workshop.api.BuildTest was not fulfilled within 5 seconds.","time":{"start":1732516820242,"stop":1732516826802,"duration":6560}}]},"tags":[]},"source":"460e33a06305394.json","parameterValues":[]}