{"uid":"50c7abdeb9865c82","name":"User should be able to run build type","fullName":"com.example.wtf_workshop.ui.RunBuildTest.userRunsBuildTest","historyId":"d5b2ff35c29c8798561e0fc296874b6e","time":{"start":1732546174267,"stop":1732546226482,"duration":52215},"status":"failed","statusMessage":"Element should exist {[class*=BuildTypes__item].snapshot(1 elements)[0]/[class*=buildContainer].snapshot(1 elements)[0]}\nElement: 'Ups, failed to describe the element [caused by: NoSuchElementException: no such element: No node with given id found]'\nActual value: does not exist\nScreenshot: file:/home/runner/work/wtf_workshop/wtf_workshop/build/reports/tests/1732546226092.0.png\nPage source: file:/home/runner/work/wtf_workshop/wtf_workshop/build/reports/tests/1732546226092.0.html\nTimeout: 30 s.","statusTrace":"Element should exist {[class*=BuildTypes__item].snapshot(1 elements)[0]/[class*=buildContainer].snapshot(1 elements)[0]}\nElement: 'Ups, failed to describe the element [caused by: NoSuchElementException: no such element: No node with given id found]'\nActual value: does not exist\nScreenshot: file:/home/runner/work/wtf_workshop/wtf_workshop/build/reports/tests/1732546226092.0.png\nPage source: file:/home/runner/work/wtf_workshop/wtf_workshop/build/reports/tests/1732546226092.0.html\nTimeout: 30 s.\n\tat com.codeborne.selenide.impl.WebElementSource.handleError(WebElementSource.java:148)\n\tat com.codeborne.selenide.impl.WebElementSource.checkConditionAndReturnElement(WebElementSource.java:126)\n\tat com.codeborne.selenide.impl.WebElementSource.checkCondition(WebElementSource.java:103)\n\tat com.codeborne.selenide.impl.ElementFinder.createElementNotFoundError(ElementFinder.java:139)\n\tat com.codeborne.selenide.impl.WebElementSource.handleError(WebElementSource.java:142)\n\tat com.codeborne.selenide.impl.WebElementSource.checkConditionAndReturnElement(WebElementSource.java:126)\n\tat com.codeborne.selenide.impl.WebElementSource.checkCondition(WebElementSource.java:103)\n\tat com.codeborne.selenide.commands.Should.execute(Should.java:30)\n\tat com.codeborne.selenide.commands.Should.execute(Should.java:14)\n\tat com.codeborne.selenide.commands.Commands.execute(Commands.java:162)\n\tat com.codeborne.selenide.impl.SelenideElementProxy.dispatchAndRetry(SelenideElementProxy.java:134)\n\tat com.codeborne.selenide.impl.SelenideElementProxy.invoke(SelenideElementProxy.java:86)\n\tat jdk.proxy2/jdk.proxy2.$Proxy31.shouldBe(Unknown Source)\n\tat com.example.wtf_workshop.ui.elements.BuildElement.successStatusIconShouldBeVisible(BuildElement.java:36)\n\tat com.example.wtf_workshop.ui.RunBuildTest.userRunsBuildTest(RunBuildTest.java:33)\n\tat java.base/jdk.internal.reflect.NativeMethodAccessorImpl.invoke0(Native Method)\n\tat java.base/jdk.internal.reflect.NativeMethodAccessorImpl.invoke(NativeMethodAccessorImpl.java:77)\n\tat java.base/jdk.internal.reflect.DelegatingMethodAccessorImpl.invoke(DelegatingMethodAccessorImpl.java:43)\n\tat java.base/java.lang.reflect.Method.invoke(Method.java:569)\n\tat org.testng.internal.invokers.MethodInvocationHelper.invokeMethod(MethodInvocationHelper.java:141)\n\tat org.testng.internal.invokers.TestInvoker.invokeMethod(TestInvoker.java:686)\n\tat org.testng.internal.invokers.TestInvoker.invokeTestMethod(TestInvoker.java:230)\n\tat org.testng.internal.invokers.MethodRunner.runInSequence(MethodRunner.java:63)\n\tat org.testng.internal.invokers.TestInvoker$MethodInvocationAgent.invoke(TestInvoker.java:992)\n\tat org.testng.internal.invokers.TestInvoker.invokeTestMethods(TestInvoker.java:203)\n\tat org.testng.internal.invokers.TestMethodWorker.invokeTestMethods(TestMethodWorker.java:154)\n\tat org.testng.internal.invokers.TestMethodWorker.run(TestMethodWorker.java:134)\n\tat java.base/java.util.ArrayList.forEach(ArrayList.java:1511)\n\tat org.testng.TestRunner.privateRun(TestRunner.java:739)\n\tat org.testng.TestRunner.run(TestRunner.java:614)\n\tat org.testng.SuiteRunner.runTest(SuiteRunner.java:421)\n\tat org.testng.SuiteRunner.runSequentially(SuiteRunner.java:413)\n\tat org.testng.SuiteRunner.privateRun(SuiteRunner.java:373)\n\tat org.testng.SuiteRunner.run(SuiteRunner.java:312)\n\tat org.testng.SuiteRunnerWorker.runSuite(SuiteRunnerWorker.java:52)\n\tat org.testng.SuiteRunnerWorker.run(SuiteRunnerWorker.java:95)\n\tat org.testng.TestNG.runSuitesSequentially(TestNG.java:1274)\n\tat org.testng.TestNG.runSuitesLocally(TestNG.java:1208)\n\tat org.testng.TestNG.runSuites(TestNG.java:1112)\n\tat org.testng.TestNG.run(TestNG.java:1079)\n\tat org.apache.maven.surefire.testng.TestNGExecutor.run(TestNGExecutor.java:155)\n\tat org.apache.maven.surefire.testng.TestNGDirectoryTestSuite.executeMulti(TestNGDirectoryTestSuite.java:169)\n\tat org.apache.maven.surefire.testng.TestNGDirectoryTestSuite.execute(TestNGDirectoryTestSuite.java:88)\n\tat org.apache.maven.surefire.testng.TestNGProvider.invoke(TestNGProvider.java:137)\n\tat org.apache.maven.surefire.booter.ForkedBooter.runSuitesInProcess(ForkedBooter.java:385)\n\tat org.apache.maven.surefire.booter.ForkedBooter.execute(ForkedBooter.java:162)\n\tat org.apache.maven.surefire.booter.ForkedBooter.run(ForkedBooter.java:507)\n\tat org.apache.maven.surefire.booter.ForkedBooter.main(ForkedBooter.java:495)\n","flaky":true,"newFailed":true,"newBroken":false,"newPassed":false,"retriesCount":0,"retriesStatusChange":false,"beforeStages":[{"name":"beforeTest","time":{"start":1732546174105,"stop":1732546174127,"duration":22},"description":"","status":"passed","steps":[],"attachments":[],"parameters":[],"shouldDisplayMessage":false,"stepsCount":0,"attachmentsCount":0,"hasContent":false}],"testStage":{"status":"failed","statusMessage":"Element should exist {[class*=BuildTypes__item].snapshot(1 elements)[0]/[class*=buildContainer].snapshot(1 elements)[0]}\nElement: 'Ups, failed to describe the element [caused by: NoSuchElementException: no such element: No node with given id found]'\nActual value: does not exist\nScreenshot: file:/home/runner/work/wtf_workshop/wtf_workshop/build/reports/tests/1732546226092.0.png\nPage source: file:/home/runner/work/wtf_workshop/wtf_workshop/build/reports/tests/1732546226092.0.html\nTimeout: 30 s.","statusTrace":"Element should exist {[class*=BuildTypes__item].snapshot(1 elements)[0]/[class*=buildContainer].snapshot(1 elements)[0]}\nElement: 'Ups, failed to describe the element [caused by: NoSuchElementException: no such element: No node with given id found]'\nActual value: does not exist\nScreenshot: file:/home/runner/work/wtf_workshop/wtf_workshop/build/reports/tests/1732546226092.0.png\nPage source: file:/home/runner/work/wtf_workshop/wtf_workshop/build/reports/tests/1732546226092.0.html\nTimeout: 30 s.\n\tat com.codeborne.selenide.impl.WebElementSource.handleError(WebElementSource.java:148)\n\tat com.codeborne.selenide.impl.WebElementSource.checkConditionAndReturnElement(WebElementSource.java:126)\n\tat com.codeborne.selenide.impl.WebElementSource.checkCondition(WebElementSource.java:103)\n\tat com.codeborne.selenide.impl.ElementFinder.createElementNotFoundError(ElementFinder.java:139)\n\tat com.codeborne.selenide.impl.WebElementSource.handleError(WebElementSource.java:142)\n\tat com.codeborne.selenide.impl.WebElementSource.checkConditionAndReturnElement(WebElementSource.java:126)\n\tat com.codeborne.selenide.impl.WebElementSource.checkCondition(WebElementSource.java:103)\n\tat com.codeborne.selenide.commands.Should.execute(Should.java:30)\n\tat com.codeborne.selenide.commands.Should.execute(Should.java:14)\n\tat com.codeborne.selenide.commands.Commands.execute(Commands.java:162)\n\tat com.codeborne.selenide.impl.SelenideElementProxy.dispatchAndRetry(SelenideElementProxy.java:134)\n\tat com.codeborne.selenide.impl.SelenideElementProxy.invoke(SelenideElementProxy.java:86)\n\tat jdk.proxy2/jdk.proxy2.$Proxy31.shouldBe(Unknown Source)\n\tat com.example.wtf_workshop.ui.elements.BuildElement.successStatusIconShouldBeVisible(BuildElement.java:36)\n\tat com.example.wtf_workshop.ui.RunBuildTest.userRunsBuildTest(RunBuildTest.java:33)\n\tat java.base/jdk.internal.reflect.NativeMethodAccessorImpl.invoke0(Native Method)\n\tat java.base/jdk.internal.reflect.NativeMethodAccessorImpl.invoke(NativeMethodAccessorImpl.java:77)\n\tat java.base/jdk.internal.reflect.DelegatingMethodAccessorImpl.invoke(DelegatingMethodAccessorImpl.java:43)\n\tat java.base/java.lang.reflect.Method.invoke(Method.java:569)\n\tat org.testng.internal.invokers.MethodInvocationHelper.invokeMethod(MethodInvocationHelper.java:141)\n\tat org.testng.internal.invokers.TestInvoker.invokeMethod(TestInvoker.java:686)\n\tat org.testng.internal.invokers.TestInvoker.invokeTestMethod(TestInvoker.java:230)\n\tat org.testng.internal.invokers.MethodRunner.runInSequence(MethodRunner.java:63)\n\tat org.testng.internal.invokers.TestInvoker$MethodInvocationAgent.invoke(TestInvoker.java:992)\n\tat org.testng.internal.invokers.TestInvoker.invokeTestMethods(TestInvoker.java:203)\n\tat org.testng.internal.invokers.TestMethodWorker.invokeTestMethods(TestMethodWorker.java:154)\n\tat org.testng.internal.invokers.TestMethodWorker.run(TestMethodWorker.java:134)\n\tat java.base/java.util.ArrayList.forEach(ArrayList.java:1511)\n\tat org.testng.TestRunner.privateRun(TestRunner.java:739)\n\tat org.testng.TestRunner.run(TestRunner.java:614)\n\tat org.testng.SuiteRunner.runTest(SuiteRunner.java:421)\n\tat org.testng.SuiteRunner.runSequentially(SuiteRunner.java:413)\n\tat org.testng.SuiteRunner.privateRun(SuiteRunner.java:373)\n\tat org.testng.SuiteRunner.run(SuiteRunner.java:312)\n\tat org.testng.SuiteRunnerWorker.runSuite(SuiteRunnerWorker.java:52)\n\tat org.testng.SuiteRunnerWorker.run(SuiteRunnerWorker.java:95)\n\tat org.testng.TestNG.runSuitesSequentially(TestNG.java:1274)\n\tat org.testng.TestNG.runSuitesLocally(TestNG.java:1208)\n\tat org.testng.TestNG.runSuites(TestNG.java:1112)\n\tat org.testng.TestNG.run(TestNG.java:1079)\n\tat org.apache.maven.surefire.testng.TestNGExecutor.run(TestNGExecutor.java:155)\n\tat org.apache.maven.surefire.testng.TestNGDirectoryTestSuite.executeMulti(TestNGDirectoryTestSuite.java:169)\n\tat org.apache.maven.surefire.testng.TestNGDirectoryTestSuite.execute(TestNGDirectoryTestSuite.java:88)\n\tat org.apache.maven.surefire.testng.TestNGProvider.invoke(TestNGProvider.java:137)\n\tat org.apache.maven.surefire.booter.ForkedBooter.runSuitesInProcess(ForkedBooter.java:385)\n\tat org.apache.maven.surefire.booter.ForkedBooter.execute(ForkedBooter.java:162)\n\tat org.apache.maven.surefire.booter.ForkedBooter.run(ForkedBooter.java:507)\n\tat org.apache.maven.surefire.booter.ForkedBooter.main(ForkedBooter.java:495)\n","steps":[{"name":"$(\"open\") http://172.17.0.1:8111/login.html","time":{"start":1732546176841,"stop":1732546180117,"duration":3276},"status":"passed","steps":[{"name":"$(\"webdriver\") create()","time":{"start":1732546176851,"stop":1732546179047,"duration":2196},"status":"passed","steps":[],"attachments":[],"parameters":[],"shouldDisplayMessage":false,"stepsCount":0,"attachmentsCount":0,"hasContent":false}],"attachments":[],"parameters":[],"shouldDisplayMessage":false,"stepsCount":1,"attachmentsCount":0,"hasContent":true},{"name":"$(\"#username\") val(test_NIVlJvGYDd)","time":{"start":1732546180198,"stop":1732546180545,"duration":347},"status":"passed","steps":[],"attachments":[],"parameters":[],"shouldDisplayMessage":false,"stepsCount":0,"attachmentsCount":0,"hasContent":false},{"name":"$(\"#password\") val(test_QBjJnMhlZC)","time":{"start":1732546180546,"stop":1732546180653,"duration":107},"status":"passed","steps":[],"attachments":[],"parameters":[],"shouldDisplayMessage":false,"stepsCount":0,"attachmentsCount":0,"hasContent":false},{"name":"$(\".loginButton\") click()","time":{"start":1732546180653,"stop":1732546180756,"duration":103},"status":"passed","steps":[],"attachments":[],"parameters":[],"shouldDisplayMessage":false,"stepsCount":0,"attachmentsCount":0,"hasContent":false},{"name":"$(\"[data-test=sidebar]/[data-test=sidebar-search]\") should be([visible, 30 s.])","time":{"start":1732546180762,"stop":1732546192579,"duration":11817},"status":"passed","steps":[],"attachments":[],"parameters":[],"shouldDisplayMessage":false,"stepsCount":0,"attachmentsCount":0,"hasContent":false},{"name":"$(\"open\") http://172.17.0.1:8111/project/test_dwVJDHLRtk","time":{"start":1732546193295,"stop":1732546194145,"duration":850},"status":"passed","steps":[],"attachments":[],"parameters":[],"shouldDisplayMessage":false,"stepsCount":0,"attachmentsCount":0,"hasContent":false},{"name":"$(\"[class*=ProjectPageHeader__title]\") should be([visible, 30 s.])","time":{"start":1732546194146,"stop":1732546194632,"duration":486},"status":"passed","steps":[],"attachments":[],"parameters":[],"shouldDisplayMessage":false,"stepsCount":0,"attachmentsCount":0,"hasContent":false},{"name":"$(\"[class*=BuildTypes__item].snapshot(1 elements)[0]/[class*=Details__button]\") click()","time":{"start":1732546194662,"stop":1732546194809,"duration":147},"status":"passed","steps":[],"attachments":[],"parameters":[],"shouldDisplayMessage":false,"stepsCount":0,"attachmentsCount":0,"hasContent":false},{"name":"$(\"[class*=BuildTypes__item].snapshot(1 elements)[0]/[data-test=run-build]\") click()","time":{"start":1732546194828,"stop":1732546195199,"duration":371},"status":"passed","steps":[],"attachments":[],"parameters":[],"shouldDisplayMessage":false,"stepsCount":0,"attachmentsCount":0,"hasContent":false},{"name":"$(\"[class*=BuildTypes__item].snapshot(1 elements)[0]/[class*=buildContainer]\") should have(size(1))","time":{"start":1732546195224,"stop":1732546195976,"duration":752},"status":"passed","steps":[],"attachments":[],"parameters":[],"shouldDisplayMessage":false,"stepsCount":0,"attachmentsCount":0,"hasContent":false},{"name":"$(\"[class*=BuildTypes__item].snapshot(1 elements)[0]/[class*=buildContainer].snapshot(1 elements)[0]/[data-test-icon=finished_green]\") should be([visible, 30 s.])","time":{"start":1732546195998,"stop":1732546226479,"duration":30481},"status":"failed","statusMessage":"Element should exist {[class*=BuildTypes__item].snapshot(1 elements)[0]/[class*=buildContainer].snapshot(1 elements)[0]}\nElement: 'Ups, failed to describe the element [caused by: NoSuchElementException: no such element: No node with given id found]'\nActual value: does not exist\nScreenshot: file:/home/runner/work/wtf_workshop/wtf_workshop/build/reports/tests/1732546226092.0.png\nPage source: file:/home/runner/work/wtf_workshop/wtf_workshop/build/reports/tests/1732546226092.0.html\nTimeout: 30 s.","statusTrace":"Element should exist {[class*=BuildTypes__item].snapshot(1 elements)[0]/[class*=buildContainer].snapshot(1 elements)[0]}\nElement: 'Ups, failed to describe the element [caused by: NoSuchElementException: no such element: No node with given id found]'\nActual value: does not exist\nScreenshot: file:/home/runner/work/wtf_workshop/wtf_workshop/build/reports/tests/1732546226092.0.png\nPage source: file:/home/runner/work/wtf_workshop/wtf_workshop/build/reports/tests/1732546226092.0.html\nTimeout: 30 s.\n\tat com.codeborne.selenide.impl.WebElementSource.handleError(WebElementSource.java:148)\n\tat com.codeborne.selenide.impl.WebElementSource.checkConditionAndReturnElement(WebElementSource.java:126)\n\tat com.codeborne.selenide.impl.WebElementSource.checkCondition(WebElementSource.java:103)\n\tat com.codeborne.selenide.impl.ElementFinder.createElementNotFoundError(ElementFinder.java:139)\n\tat com.codeborne.selenide.impl.WebElementSource.handleError(WebElementSource.java:142)\n\tat com.codeborne.selenide.impl.WebElementSource.checkConditionAndReturnElement(WebElementSource.java:126)\n\tat com.codeborne.selenide.impl.WebElementSource.checkCondition(WebElementSource.java:103)\n\tat com.codeborne.selenide.commands.Should.execute(Should.java:30)\n\tat com.codeborne.selenide.commands.Should.execute(Should.java:14)\n\tat com.codeborne.selenide.commands.Commands.execute(Commands.java:162)\n\tat com.codeborne.selenide.impl.SelenideElementProxy.dispatchAndRetry(SelenideElementProxy.java:134)\n\tat com.codeborne.selenide.impl.SelenideElementProxy.invoke(SelenideElementProxy.java:86)\n\tat jdk.proxy2/jdk.proxy2.$Proxy31.shouldBe(Unknown Source)\n\tat com.example.wtf_workshop.ui.elements.BuildElement.successStatusIconShouldBeVisible(BuildElement.java:36)\n\tat com.example.wtf_workshop.ui.RunBuildTest.userRunsBuildTest(RunBuildTest.java:33)\n\tat java.base/jdk.internal.reflect.NativeMethodAccessorImpl.invoke0(Native Method)\n\tat java.base/jdk.internal.reflect.NativeMethodAccessorImpl.invoke(NativeMethodAccessorImpl.java:77)\n\tat java.base/jdk.internal.reflect.DelegatingMethodAccessorImpl.invoke(DelegatingMethodAccessorImpl.java:43)\n\tat java.base/java.lang.reflect.Method.invoke(Method.java:569)\n\tat org.testng.internal.invokers.MethodInvocationHelper.invokeMethod(MethodInvocationHelper.java:141)\n\tat org.testng.internal.invokers.TestInvoker.invokeMethod(TestInvoker.java:686)\n\tat org.testng.internal.invokers.TestInvoker.invokeTestMethod(TestInvoker.java:230)\n\tat org.testng.internal.invokers.MethodRunner.runInSequence(MethodRunner.java:63)\n\tat org.testng.internal.invokers.TestInvoker$MethodInvocationAgent.invoke(TestInvoker.java:992)\n\tat org.testng.internal.invokers.TestInvoker.invokeTestMethods(TestInvoker.java:203)\n\tat org.testng.internal.invokers.TestMethodWorker.invokeTestMethods(TestMethodWorker.java:154)\n\tat org.testng.internal.invokers.TestMethodWorker.run(TestMethodWorker.java:134)\n\tat java.base/java.util.ArrayList.forEach(ArrayList.java:1511)\n\tat org.testng.TestRunner.privateRun(TestRunner.java:739)\n\tat org.testng.TestRunner.run(TestRunner.java:614)\n\tat org.testng.SuiteRunner.runTest(SuiteRunner.java:421)\n\tat org.testng.SuiteRunner.runSequentially(SuiteRunner.java:413)\n\tat org.testng.SuiteRunner.privateRun(SuiteRunner.java:373)\n\tat org.testng.SuiteRunner.run(SuiteRunner.java:312)\n\tat org.testng.SuiteRunnerWorker.runSuite(SuiteRunnerWorker.java:52)\n\tat org.testng.SuiteRunnerWorker.run(SuiteRunnerWorker.java:95)\n\tat org.testng.TestNG.runSuitesSequentially(TestNG.java:1274)\n\tat org.testng.TestNG.runSuitesLocally(TestNG.java:1208)\n\tat org.testng.TestNG.runSuites(TestNG.java:1112)\n\tat org.testng.TestNG.run(TestNG.java:1079)\n\tat org.apache.maven.surefire.testng.TestNGExecutor.run(TestNGExecutor.java:155)\n\tat org.apache.maven.surefire.testng.TestNGDirectoryTestSuite.executeMulti(TestNGDirectoryTestSuite.java:169)\n\tat org.apache.maven.surefire.testng.TestNGDirectoryTestSuite.execute(TestNGDirectoryTestSuite.java:88)\n\tat org.apache.maven.surefire.testng.TestNGProvider.invoke(TestNGProvider.java:137)\n\tat org.apache.maven.surefire.booter.ForkedBooter.runSuitesInProcess(ForkedBooter.java:385)\n\tat org.apache.maven.surefire.booter.ForkedBooter.execute(ForkedBooter.java:162)\n\tat org.apache.maven.surefire.booter.ForkedBooter.run(ForkedBooter.java:507)\n\tat org.apache.maven.surefire.booter.ForkedBooter.main(ForkedBooter.java:495)\n","steps":[],"attachments":[{"uid":"ea401fc33e6628f3","name":"Screenshot","source":"ea401fc33e6628f3.png","type":"image/png","size":88676},{"uid":"30c0030625e87737","name":"Page source","source":"30c0030625e87737.html","type":"text/html","size":223867}],"parameters":[],"shouldDisplayMessage":true,"stepsCount":0,"attachmentsCount":2,"hasContent":true}],"attachments":[{"uid":"3c8b1a2f8f8aadd5","name":"Request","source":"3c8b1a2f8f8aadd5.html","type":"text/html","size":1339},{"uid":"50e33758f12a56de","name":"HTTP/1.1 200 ","source":"50e33758f12a56de.html","type":"text/html","size":2088},{"uid":"3bc01baf9017c9e","name":"Request","source":"3bc01baf9017c9e.html","type":"text/html","size":917},{"uid":"e58c2b9ab1c4d1b3","name":"HTTP/1.1 200 ","source":"e58c2b9ab1c4d1b3.html","type":"text/html","size":2225},{"uid":"d9d6a5bfa66c7706","name":"Request","source":"d9d6a5bfa66c7706.html","type":"text/html","size":3347},{"uid":"87f3533bb73cd369","name":"HTTP/1.1 200 ","source":"87f3533bb73cd369.html","type":"text/html","size":3963}],"parameters":[],"shouldDisplayMessage":false,"stepsCount":12,"attachmentsCount":8,"hasContent":true},"afterStages":[{"name":"closeWebDriver","time":{"start":1732546226510,"stop":1732546226579,"duration":69},"description":"","status":"passed","steps":[{"name":"$(\"webdriver\") close()","time":{"start":1732546226510,"stop":1732546226579,"duration":69},"status":"passed","steps":[],"attachments":[],"parameters":[],"shouldDisplayMessage":false,"stepsCount":0,"attachmentsCount":0,"hasContent":false}],"attachments":[],"parameters":[],"shouldDisplayMessage":false,"stepsCount":1,"attachmentsCount":0,"hasContent":true},{"name":"afterTest","time":{"start":1732546226584,"stop":1732546227165,"duration":581},"description":"","status":"passed","steps":[],"attachments":[{"uid":"2368fa0ce1ca802","name":"Request","source":"2368fa0ce1ca802.html","type":"text/html","size":602},{"uid":"60bb2020274f106c","name":"HTTP/1.1 204 ","source":"60bb2020274f106c.html","type":"text/html","size":478},{"uid":"852ace11cf633e6e","name":"Request","source":"852ace11cf633e6e.html","type":"text/html","size":598},{"uid":"36c504d436c1c275","name":"HTTP/1.1 204 ","source":"36c504d436c1c275.html","type":"text/html","size":478},{"uid":"bb6c2d7c75b4608","name":"Request","source":"bb6c2d7c75b4608.html","type":"text/html","size":564},{"uid":"86576589de86feec","name":"HTTP/1.1 204 ","source":"86576589de86feec.html","type":"text/html","size":478}],"parameters":[],"shouldDisplayMessage":false,"stepsCount":0,"attachmentsCount":6,"hasContent":true}],"labels":[{"name":"package","value":"com.example.wtf_workshop.ui.RunBuildTest"},{"name":"testClass","value":"com.example.wtf_workshop.ui.RunBuildTest"},{"name":"testMethod","value":"userRunsBuildTest"},{"name":"parentSuite","value":"Surefire suite"},{"name":"suite","value":"Surefire test"},{"name":"subSuite","value":"com.example.wtf_workshop.ui.RunBuildTest"},{"name":"host","value":"fv-az837-250"},{"name":"thread","value":"6304@fv-az837-250.main(1)"},{"name":"framework","value":"testng"},{"name":"language","value":"java"},{"name":"resultFormat","value":"allure2"}],"parameters":[],"links":[],"hidden":false,"retry":false,"extra":{"severity":"normal","retries":[],"categories":[{"name":"Product defects","matchedStatuses":[],"flaky":false}],"history":{"statistic":{"failed":4,"broken":9,"skipped":0,"passed":4,"unknown":0,"total":17},"items":[{"uid":"12ddad4b2ec4e417","reportUrl":"https://ozornoy.github.io/wtf_workshop/ui/29//#testresult/12ddad4b2ec4e417","status":"passed","time":{"start":1732545456814,"stop":1732545500872,"duration":44058}},{"uid":"fc3a7e3a062b4ad6","reportUrl":"https://ozornoy.github.io/wtf_workshop/ui/28//#testresult/fc3a7e3a062b4ad6","status":"failed","statusDetails":"Element should exist {[class*=BuildTypes__item].snapshot(1 elements)[0]/[class*=buildContainer].snapshot(1 elements)[0]}\nElement: 'Ups, failed to describe the element [caused by: NoSuchElementException: no such element: No node with given id found]'\nActual value: does not exist\nScreenshot: file:/home/runner/work/wtf_workshop/wtf_workshop/build/reports/tests/1732544493475.0.png\nPage source: file:/home/runner/work/wtf_workshop/wtf_workshop/build/reports/tests/1732544493475.0.html\nTimeout: 30 s.","time":{"start":1732544441623,"stop":1732544493852,"duration":52229}},{"uid":"72272df3db6485db","reportUrl":"https://ozornoy.github.io/wtf_workshop/ui/28//#testresult/72272df3db6485db","status":"passed","time":{"start":1732543613444,"stop":1732543641579,"duration":28135}},{"uid":"2f39da06fc637670","reportUrl":"https://ozornoy.github.io/wtf_workshop/ui/27//#testresult/2f39da06fc637670","status":"failed","statusDetails":"Element should exist {[class*=BuildTypes__item].snapshot(1 elements)[0]/[class*=buildContainer].snapshot(1 elements)[0]}\nElement: 'Ups, failed to describe the element [caused by: StaleElementReferenceException: stale element reference: stale element not found]'\nActual value: does not exist\nScreenshot: file:/home/runner/work/wtf_workshop/wtf_workshop/build/reports/tests/1732541722231.0.png\nPage source: file:/home/runner/work/wtf_workshop/wtf_workshop/build/reports/tests/1732541722231.0.html\nTimeout: 30 s.","time":{"start":1732541649667,"stop":1732541722740,"duration":73073}},{"uid":"3b5e632b5e940582","reportUrl":"https://ozornoy.github.io/wtf_workshop/ui/27//#testresult/3b5e632b5e940582","status":"failed","statusDetails":"Element not found {[class*=BuildTypes__item].snapshot(1 elements)[0]/[class*=buildContainer].snapshot(1 elements)[0]/[class*=BuildDetailsTabs__link].findBy(exact text \"Build Log\")}\nExpected: clickable: interactable and enabled\nScreenshot: file:/home/runner/work/wtf_workshop/wtf_workshop/build/reports/tests/1732540113436.0.png\nPage source: file:/home/runner/work/wtf_workshop/wtf_workshop/build/reports/tests/1732540113436.0.html\nTimeout: 4 s.\nCaused by: StaleElementReferenceException: stale element reference: stale element not found","time":{"start":1732540087846,"stop":1732540113849,"duration":26003}},{"uid":"afc797cf5b9e0f0f","reportUrl":"https://ozornoy.github.io/wtf_workshop/ui/26//#testresult/afc797cf5b9e0f0f","status":"passed","time":{"start":1732538168081,"stop":1732538193048,"duration":24967}},{"uid":"8b68c92ea948b7fa","reportUrl":"https://ozornoy.github.io/wtf_workshop/ui/26//#testresult/8b68c92ea948b7fa","status":"passed","time":{"start":1732537508223,"stop":1732537532885,"duration":24662}},{"uid":"2d95d1eaa07b5a62","reportUrl":"https://ozornoy.github.io/wtf_workshop/ui/25//#testresult/2d95d1eaa07b5a62","status":"broken","statusDetails":"Failed to create new instance of class com.example.wtf_workshop.ui.pages.BuildPage","time":{"start":1732535820498,"stop":1732535848234,"duration":27736}},{"uid":"40946671fc4f9a63","reportUrl":"https://ozornoy.github.io/wtf_workshop/ui/24//#testresult/40946671fc4f9a63","status":"broken","statusDetails":"Failed to create new instance of class com.example.wtf_workshop.ui.pages.ProjectsPage","time":{"start":1732534315175,"stop":1732534334655,"duration":19480}},{"uid":"159974a1f58f20e0","reportUrl":"https://ozornoy.github.io/wtf_workshop/ui/23//#testresult/159974a1f58f20e0","status":"broken","statusDetails":"Failed to create new instance of class com.example.wtf_workshop.ui.pages.ProjectsPage","time":{"start":1732529068929,"stop":1732529103698,"duration":34769}},{"uid":"feeb1918baa9b16c","reportUrl":"https://ozornoy.github.io/wtf_workshop/ui/22//#testresult/feeb1918baa9b16c","status":"broken","statusDetails":"Failed to create new instance of class com.example.wtf_workshop.ui.pages.ProjectsPage","time":{"start":1732528453840,"stop":1732528491523,"duration":37683}},{"uid":"954ea41a31310250","reportUrl":"https://ozornoy.github.io/wtf_workshop/ui/21//#testresult/954ea41a31310250","status":"broken","statusDetails":"Failed to create new instance of class com.example.wtf_workshop.ui.pages.ProjectsPage","time":{"start":1732527646695,"stop":1732527666525,"duration":19830}},{"uid":"9d3ce12e71b6ba34","reportUrl":"https://ozornoy.github.io/wtf_workshop/ui/20//#testresult/9d3ce12e71b6ba34","status":"broken","statusDetails":"Failed to create new instance of class com.example.wtf_workshop.ui.pages.ProjectsPage","time":{"start":1732526146665,"stop":1732526168017,"duration":21352}},{"uid":"2a03dc2e51c4e776","reportUrl":"https://ozornoy.github.io/wtf_workshop/ui/19//#testresult/2a03dc2e51c4e776","status":"broken","statusDetails":"Failed to create new instance of class com.example.wtf_workshop.ui.pages.ProjectsPage","time":{"start":1732525293639,"stop":1732525331084,"duration":37445}},{"uid":"5a1247966ed6375d","reportUrl":"https://ozornoy.github.io/wtf_workshop/ui/18//#testresult/5a1247966ed6375d","status":"broken","statusDetails":"Failed to create new instance of class com.example.wtf_workshop.ui.pages.BuildPage","time":{"start":1732524548107,"stop":1732524579596,"duration":31489}},{"uid":"f81335c210dac1fc","reportUrl":"https://ozornoy.github.io/wtf_workshop/ui/17//#testresult/f81335c210dac1fc","status":"broken","statusDetails":"Failed to create new instance of class com.example.wtf_workshop.ui.pages.ProjectsPage","time":{"start":1732522375249,"stop":1732522414823,"duration":39574}}]},"tags":[]},"source":"50c7abdeb9865c82.json","parameterValues":[]}