{"uid":"1084f8ac878bebc2","name":"User should be able to start build","fullName":"com.example.wtf_workshop.api.BuildTest.userStartsBuildTest","historyId":"4d05d3fb402d70fcca9970ca832b6188","time":{"start":1732396754931,"stop":1732396761330,"duration":6399},"status":"broken","statusMessage":"Condition with com.example.wtf_workshop.api.BuildTest was not fulfilled within 5 seconds.","statusTrace":"org.awaitility.core.ConditionTimeoutException: Condition with com.example.wtf_workshop.api.BuildTest was not fulfilled within 5 seconds.\n\tat org.awaitility.core.ConditionAwaiter.await(ConditionAwaiter.java:166)\n\tat org.awaitility.core.CallableCondition.await(CallableCondition.java:78)\n\tat org.awaitility.core.CallableCondition.await(CallableCondition.java:26)\n\tat org.awaitility.core.ConditionFactory.until(ConditionFactory.java:939)\n\tat org.awaitility.core.ConditionFactory.until(ConditionFactory.java:908)\n\tat com.example.wtf_workshop.api.BuildTest.userStartsBuildTest(BuildTest.java:34)\n\tat java.base/jdk.internal.reflect.NativeMethodAccessorImpl.invoke0(Native Method)\n\tat java.base/jdk.internal.reflect.NativeMethodAccessorImpl.invoke(NativeMethodAccessorImpl.java:77)\n\tat java.base/jdk.internal.reflect.DelegatingMethodAccessorImpl.invoke(DelegatingMethodAccessorImpl.java:43)\n\tat java.base/java.lang.reflect.Method.invoke(Method.java:569)\n\tat org.testng.internal.invokers.MethodInvocationHelper.invokeMethod(MethodInvocationHelper.java:141)\n\tat org.testng.internal.invokers.TestInvoker.invokeMethod(TestInvoker.java:686)\n\tat org.testng.internal.invokers.TestInvoker.invokeTestMethod(TestInvoker.java:230)\n\tat org.testng.internal.invokers.MethodRunner.runInSequence(MethodRunner.java:63)\n\tat org.testng.internal.invokers.TestInvoker$MethodInvocationAgent.invoke(TestInvoker.java:992)\n\tat org.testng.internal.invokers.TestInvoker.invokeTestMethods(TestInvoker.java:203)\n\tat org.testng.internal.invokers.TestMethodWorker.invokeTestMethods(TestMethodWorker.java:154)\n\tat org.testng.internal.invokers.TestMethodWorker.run(TestMethodWorker.java:134)\n\tat java.base/java.util.ArrayList.forEach(ArrayList.java:1511)\n\tat org.testng.TestRunner.privateRun(TestRunner.java:739)\n\tat org.testng.TestRunner.run(TestRunner.java:614)\n\tat org.testng.SuiteRunner.runTest(SuiteRunner.java:421)\n\tat org.testng.SuiteRunner.runSequentially(SuiteRunner.java:413)\n\tat org.testng.SuiteRunner.privateRun(SuiteRunner.java:373)\n\tat org.testng.SuiteRunner.run(SuiteRunner.java:312)\n\tat org.testng.SuiteRunnerWorker.runSuite(SuiteRunnerWorker.java:52)\n\tat org.testng.SuiteRunnerWorker.run(SuiteRunnerWorker.java:95)\n\tat org.testng.TestNG.runSuitesSequentially(TestNG.java:1274)\n\tat org.testng.TestNG.runSuitesLocally(TestNG.java:1208)\n\tat org.testng.TestNG.runSuites(TestNG.java:1112)\n\tat org.testng.TestNG.run(TestNG.java:1079)\n\tat org.apache.maven.surefire.testng.TestNGExecutor.run(TestNGExecutor.java:155)\n\tat org.apache.maven.surefire.testng.TestNGDirectoryTestSuite.executeMulti(TestNGDirectoryTestSuite.java:169)\n\tat org.apache.maven.surefire.testng.TestNGDirectoryTestSuite.execute(TestNGDirectoryTestSuite.java:88)\n\tat org.apache.maven.surefire.testng.TestNGProvider.invoke(TestNGProvider.java:137)\n\tat org.apache.maven.surefire.booter.ForkedBooter.runSuitesInProcess(ForkedBooter.java:385)\n\tat org.apache.maven.surefire.booter.ForkedBooter.execute(ForkedBooter.java:162)\n\tat org.apache.maven.surefire.booter.ForkedBooter.run(ForkedBooter.java:507)\n\tat org.apache.maven.surefire.booter.ForkedBooter.main(ForkedBooter.java:495)\n","flaky":false,"newFailed":false,"newBroken":false,"newPassed":false,"retriesCount":0,"retriesStatusChange":false,"beforeStages":[{"name":"beforeTest","time":{"start":1732396754924,"stop":1732396754925,"duration":1},"description":"","status":"passed","steps":[],"attachments":[],"parameters":[],"shouldDisplayMessage":false,"stepsCount":0,"attachmentsCount":0,"hasContent":false}],"testStage":{"status":"broken","statusMessage":"Condition with com.example.wtf_workshop.api.BuildTest was not fulfilled within 5 seconds.","statusTrace":"org.awaitility.core.ConditionTimeoutException: Condition with com.example.wtf_workshop.api.BuildTest was not fulfilled within 5 seconds.\n\tat org.awaitility.core.ConditionAwaiter.await(ConditionAwaiter.java:166)\n\tat org.awaitility.core.CallableCondition.await(CallableCondition.java:78)\n\tat org.awaitility.core.CallableCondition.await(CallableCondition.java:26)\n\tat org.awaitility.core.ConditionFactory.until(ConditionFactory.java:939)\n\tat org.awaitility.core.ConditionFactory.until(ConditionFactory.java:908)\n\tat com.example.wtf_workshop.api.BuildTest.userStartsBuildTest(BuildTest.java:34)\n\tat java.base/jdk.internal.reflect.NativeMethodAccessorImpl.invoke0(Native Method)\n\tat java.base/jdk.internal.reflect.NativeMethodAccessorImpl.invoke(NativeMethodAccessorImpl.java:77)\n\tat java.base/jdk.internal.reflect.DelegatingMethodAccessorImpl.invoke(DelegatingMethodAccessorImpl.java:43)\n\tat java.base/java.lang.reflect.Method.invoke(Method.java:569)\n\tat org.testng.internal.invokers.MethodInvocationHelper.invokeMethod(MethodInvocationHelper.java:141)\n\tat org.testng.internal.invokers.TestInvoker.invokeMethod(TestInvoker.java:686)\n\tat org.testng.internal.invokers.TestInvoker.invokeTestMethod(TestInvoker.java:230)\n\tat org.testng.internal.invokers.MethodRunner.runInSequence(MethodRunner.java:63)\n\tat org.testng.internal.invokers.TestInvoker$MethodInvocationAgent.invoke(TestInvoker.java:992)\n\tat org.testng.internal.invokers.TestInvoker.invokeTestMethods(TestInvoker.java:203)\n\tat org.testng.internal.invokers.TestMethodWorker.invokeTestMethods(TestMethodWorker.java:154)\n\tat org.testng.internal.invokers.TestMethodWorker.run(TestMethodWorker.java:134)\n\tat java.base/java.util.ArrayList.forEach(ArrayList.java:1511)\n\tat org.testng.TestRunner.privateRun(TestRunner.java:739)\n\tat org.testng.TestRunner.run(TestRunner.java:614)\n\tat org.testng.SuiteRunner.runTest(SuiteRunner.java:421)\n\tat org.testng.SuiteRunner.runSequentially(SuiteRunner.java:413)\n\tat org.testng.SuiteRunner.privateRun(SuiteRunner.java:373)\n\tat org.testng.SuiteRunner.run(SuiteRunner.java:312)\n\tat org.testng.SuiteRunnerWorker.runSuite(SuiteRunnerWorker.java:52)\n\tat org.testng.SuiteRunnerWorker.run(SuiteRunnerWorker.java:95)\n\tat org.testng.TestNG.runSuitesSequentially(TestNG.java:1274)\n\tat org.testng.TestNG.runSuitesLocally(TestNG.java:1208)\n\tat org.testng.TestNG.runSuites(TestNG.java:1112)\n\tat org.testng.TestNG.run(TestNG.java:1079)\n\tat org.apache.maven.surefire.testng.TestNGExecutor.run(TestNGExecutor.java:155)\n\tat org.apache.maven.surefire.testng.TestNGDirectoryTestSuite.executeMulti(TestNGDirectoryTestSuite.java:169)\n\tat org.apache.maven.surefire.testng.TestNGDirectoryTestSuite.execute(TestNGDirectoryTestSuite.java:88)\n\tat org.apache.maven.surefire.testng.TestNGProvider.invoke(TestNGProvider.java:137)\n\tat org.apache.maven.surefire.booter.ForkedBooter.runSuitesInProcess(ForkedBooter.java:385)\n\tat org.apache.maven.surefire.booter.ForkedBooter.execute(ForkedBooter.java:162)\n\tat org.apache.maven.surefire.booter.ForkedBooter.run(ForkedBooter.java:507)\n\tat org.apache.maven.surefire.booter.ForkedBooter.main(ForkedBooter.java:495)\n","steps":[],"attachments":[{"uid":"266a924f11f95ea1","name":"Request","source":"266a924f11f95ea1.html","type":"text/html","size":1339},{"uid":"71511be1bb7d691","name":"HTTP/1.1 200 ","source":"71511be1bb7d691.html","type":"text/html","size":2088},{"uid":"3da0e145bb0acf64","name":"Request","source":"3da0e145bb0acf64.html","type":"text/html","size":939},{"uid":"bf988619fca91167","name":"HTTP/1.1 200 ","source":"bf988619fca91167.html","type":"text/html","size":2225},{"uid":"a0f549b10b6d9c4b","name":"Request","source":"a0f549b10b6d9c4b.html","type":"text/html","size":3369},{"uid":"fa91d03465e10cb4","name":"HTTP/1.1 200 ","source":"fa91d03465e10cb4.html","type":"text/html","size":3963},{"uid":"a80d73dc8065c37","name":"Request","source":"a80d73dc8065c37.html","type":"text/html","size":857},{"uid":"28a0902d5f9bfd58","name":"HTTP/1.1 200 ","source":"28a0902d5f9bfd58.html","type":"text/html","size":2289},{"uid":"b5ade6d2aaa1624c","name":"Request","source":"b5ade6d2aaa1624c.html","type":"text/html","size":640},{"uid":"5535aa42d9b0abcf","name":"HTTP/1.1 200 ","source":"5535aa42d9b0abcf.html","type":"text/html","size":731},{"uid":"ba185daa15040311","name":"Request","source":"ba185daa15040311.html","type":"text/html","size":640},{"uid":"f71f4eb5ac1e363","name":"HTTP/1.1 200 ","source":"f71f4eb5ac1e363.html","type":"text/html","size":731},{"uid":"60e1a2b7f27e525b","name":"Request","source":"60e1a2b7f27e525b.html","type":"text/html","size":640},{"uid":"bd518b6e672201cc","name":"HTTP/1.1 200 ","source":"bd518b6e672201cc.html","type":"text/html","size":731},{"uid":"af246a2b47420deb","name":"Request","source":"af246a2b47420deb.html","type":"text/html","size":640},{"uid":"973083b4f531ba66","name":"HTTP/1.1 200 ","source":"973083b4f531ba66.html","type":"text/html","size":731}],"parameters":[],"shouldDisplayMessage":true,"stepsCount":0,"attachmentsCount":16,"hasContent":true},"afterStages":[{"name":"afterTest","time":{"start":1732396761348,"stop":1732396761529,"duration":181},"description":"","status":"passed","steps":[],"attachments":[{"uid":"e44da3cac514fb06","name":"Request","source":"e44da3cac514fb06.html","type":"text/html","size":602},{"uid":"5f6a9c4ac2037ee3","name":"HTTP/1.1 204 ","source":"5f6a9c4ac2037ee3.html","type":"text/html","size":478},{"uid":"cd330a9056ad3b30","name":"Request","source":"cd330a9056ad3b30.html","type":"text/html","size":598},{"uid":"e3150aa4d48f5704","name":"HTTP/1.1 204 ","source":"e3150aa4d48f5704.html","type":"text/html","size":478},{"uid":"351a54a2be7f36bf","name":"Request","source":"351a54a2be7f36bf.html","type":"text/html","size":564},{"uid":"fc205d25043d806f","name":"HTTP/1.1 204 ","source":"fc205d25043d806f.html","type":"text/html","size":478}],"parameters":[],"shouldDisplayMessage":false,"stepsCount":0,"attachmentsCount":6,"hasContent":true}],"labels":[{"name":"package","value":"com.example.wtf_workshop.api.BuildTest"},{"name":"testClass","value":"com.example.wtf_workshop.api.BuildTest"},{"name":"testMethod","value":"userStartsBuildTest"},{"name":"parentSuite","value":"Surefire suite"},{"name":"suite","value":"Surefire test"},{"name":"subSuite","value":"com.example.wtf_workshop.api.BuildTest"},{"name":"host","value":"fv-az1980-648"},{"name":"thread","value":"4211@fv-az1980-648.main(1)"},{"name":"framework","value":"testng"},{"name":"language","value":"java"},{"name":"resultFormat","value":"allure2"}],"parameters":[],"links":[],"hidden":false,"retry":false,"extra":{"severity":"normal","retries":[],"categories":[{"name":"Test defects","matchedStatuses":[],"flaky":false}],"tags":[]},"source":"1084f8ac878bebc2.json","parameterValues":[]}