{"uid":"5fdf4482d07962c4","name":"User should be able to start build","fullName":"com.example.wtf_workshop.api.BuildTest.userStartsBuildTest","historyId":"4d05d3fb402d70fcca9970ca832b6188","time":{"start":1732398344046,"stop":1732398350585,"duration":6539},"status":"broken","statusMessage":"Condition with com.example.wtf_workshop.api.BuildTest was not fulfilled within 5 seconds.","statusTrace":"org.awaitility.core.ConditionTimeoutException: Condition with com.example.wtf_workshop.api.BuildTest was not fulfilled within 5 seconds.\n\tat org.awaitility.core.ConditionAwaiter.await(ConditionAwaiter.java:166)\n\tat org.awaitility.core.CallableCondition.await(CallableCondition.java:78)\n\tat org.awaitility.core.CallableCondition.await(CallableCondition.java:26)\n\tat org.awaitility.core.ConditionFactory.until(ConditionFactory.java:939)\n\tat org.awaitility.core.ConditionFactory.until(ConditionFactory.java:908)\n\tat com.example.wtf_workshop.api.BuildTest.userStartsBuildTest(BuildTest.java:34)\n\tat java.base/jdk.internal.reflect.NativeMethodAccessorImpl.invoke0(Native Method)\n\tat java.base/jdk.internal.reflect.NativeMethodAccessorImpl.invoke(NativeMethodAccessorImpl.java:77)\n\tat java.base/jdk.internal.reflect.DelegatingMethodAccessorImpl.invoke(DelegatingMethodAccessorImpl.java:43)\n\tat java.base/java.lang.reflect.Method.invoke(Method.java:569)\n\tat org.testng.internal.invokers.MethodInvocationHelper.invokeMethod(MethodInvocationHelper.java:141)\n\tat org.testng.internal.invokers.TestInvoker.invokeMethod(TestInvoker.java:686)\n\tat org.testng.internal.invokers.TestInvoker.invokeTestMethod(TestInvoker.java:230)\n\tat org.testng.internal.invokers.MethodRunner.runInSequence(MethodRunner.java:63)\n\tat org.testng.internal.invokers.TestInvoker$MethodInvocationAgent.invoke(TestInvoker.java:992)\n\tat org.testng.internal.invokers.TestInvoker.invokeTestMethods(TestInvoker.java:203)\n\tat org.testng.internal.invokers.TestMethodWorker.invokeTestMethods(TestMethodWorker.java:154)\n\tat org.testng.internal.invokers.TestMethodWorker.run(TestMethodWorker.java:134)\n\tat java.base/java.util.ArrayList.forEach(ArrayList.java:1511)\n\tat org.testng.TestRunner.privateRun(TestRunner.java:739)\n\tat org.testng.TestRunner.run(TestRunner.java:614)\n\tat org.testng.SuiteRunner.runTest(SuiteRunner.java:421)\n\tat org.testng.SuiteRunner.runSequentially(SuiteRunner.java:413)\n\tat org.testng.SuiteRunner.privateRun(SuiteRunner.java:373)\n\tat org.testng.SuiteRunner.run(SuiteRunner.java:312)\n\tat org.testng.SuiteRunnerWorker.runSuite(SuiteRunnerWorker.java:52)\n\tat org.testng.SuiteRunnerWorker.run(SuiteRunnerWorker.java:95)\n\tat org.testng.TestNG.runSuitesSequentially(TestNG.java:1274)\n\tat org.testng.TestNG.runSuitesLocally(TestNG.java:1208)\n\tat org.testng.TestNG.runSuites(TestNG.java:1112)\n\tat org.testng.TestNG.run(TestNG.java:1079)\n\tat org.apache.maven.surefire.testng.TestNGExecutor.run(TestNGExecutor.java:155)\n\tat org.apache.maven.surefire.testng.TestNGDirectoryTestSuite.executeMulti(TestNGDirectoryTestSuite.java:169)\n\tat org.apache.maven.surefire.testng.TestNGDirectoryTestSuite.execute(TestNGDirectoryTestSuite.java:88)\n\tat org.apache.maven.surefire.testng.TestNGProvider.invoke(TestNGProvider.java:137)\n\tat org.apache.maven.surefire.booter.ForkedBooter.runSuitesInProcess(ForkedBooter.java:385)\n\tat org.apache.maven.surefire.booter.ForkedBooter.execute(ForkedBooter.java:162)\n\tat org.apache.maven.surefire.booter.ForkedBooter.run(ForkedBooter.java:507)\n\tat org.apache.maven.surefire.booter.ForkedBooter.main(ForkedBooter.java:495)\n","flaky":false,"newFailed":false,"newBroken":false,"newPassed":false,"retriesCount":0,"retriesStatusChange":false,"beforeStages":[{"name":"beforeTest","time":{"start":1732398344044,"stop":1732398344044,"duration":0},"description":"","status":"passed","steps":[],"attachments":[],"parameters":[],"shouldDisplayMessage":false,"stepsCount":0,"attachmentsCount":0,"hasContent":false}],"testStage":{"status":"broken","statusMessage":"Condition with com.example.wtf_workshop.api.BuildTest was not fulfilled within 5 seconds.","statusTrace":"org.awaitility.core.ConditionTimeoutException: Condition with com.example.wtf_workshop.api.BuildTest was not fulfilled within 5 seconds.\n\tat org.awaitility.core.ConditionAwaiter.await(ConditionAwaiter.java:166)\n\tat org.awaitility.core.CallableCondition.await(CallableCondition.java:78)\n\tat org.awaitility.core.CallableCondition.await(CallableCondition.java:26)\n\tat org.awaitility.core.ConditionFactory.until(ConditionFactory.java:939)\n\tat org.awaitility.core.ConditionFactory.until(ConditionFactory.java:908)\n\tat com.example.wtf_workshop.api.BuildTest.userStartsBuildTest(BuildTest.java:34)\n\tat java.base/jdk.internal.reflect.NativeMethodAccessorImpl.invoke0(Native Method)\n\tat java.base/jdk.internal.reflect.NativeMethodAccessorImpl.invoke(NativeMethodAccessorImpl.java:77)\n\tat java.base/jdk.internal.reflect.DelegatingMethodAccessorImpl.invoke(DelegatingMethodAccessorImpl.java:43)\n\tat java.base/java.lang.reflect.Method.invoke(Method.java:569)\n\tat org.testng.internal.invokers.MethodInvocationHelper.invokeMethod(MethodInvocationHelper.java:141)\n\tat org.testng.internal.invokers.TestInvoker.invokeMethod(TestInvoker.java:686)\n\tat org.testng.internal.invokers.TestInvoker.invokeTestMethod(TestInvoker.java:230)\n\tat org.testng.internal.invokers.MethodRunner.runInSequence(MethodRunner.java:63)\n\tat org.testng.internal.invokers.TestInvoker$MethodInvocationAgent.invoke(TestInvoker.java:992)\n\tat org.testng.internal.invokers.TestInvoker.invokeTestMethods(TestInvoker.java:203)\n\tat org.testng.internal.invokers.TestMethodWorker.invokeTestMethods(TestMethodWorker.java:154)\n\tat org.testng.internal.invokers.TestMethodWorker.run(TestMethodWorker.java:134)\n\tat java.base/java.util.ArrayList.forEach(ArrayList.java:1511)\n\tat org.testng.TestRunner.privateRun(TestRunner.java:739)\n\tat org.testng.TestRunner.run(TestRunner.java:614)\n\tat org.testng.SuiteRunner.runTest(SuiteRunner.java:421)\n\tat org.testng.SuiteRunner.runSequentially(SuiteRunner.java:413)\n\tat org.testng.SuiteRunner.privateRun(SuiteRunner.java:373)\n\tat org.testng.SuiteRunner.run(SuiteRunner.java:312)\n\tat org.testng.SuiteRunnerWorker.runSuite(SuiteRunnerWorker.java:52)\n\tat org.testng.SuiteRunnerWorker.run(SuiteRunnerWorker.java:95)\n\tat org.testng.TestNG.runSuitesSequentially(TestNG.java:1274)\n\tat org.testng.TestNG.runSuitesLocally(TestNG.java:1208)\n\tat org.testng.TestNG.runSuites(TestNG.java:1112)\n\tat org.testng.TestNG.run(TestNG.java:1079)\n\tat org.apache.maven.surefire.testng.TestNGExecutor.run(TestNGExecutor.java:155)\n\tat org.apache.maven.surefire.testng.TestNGDirectoryTestSuite.executeMulti(TestNGDirectoryTestSuite.java:169)\n\tat org.apache.maven.surefire.testng.TestNGDirectoryTestSuite.execute(TestNGDirectoryTestSuite.java:88)\n\tat org.apache.maven.surefire.testng.TestNGProvider.invoke(TestNGProvider.java:137)\n\tat org.apache.maven.surefire.booter.ForkedBooter.runSuitesInProcess(ForkedBooter.java:385)\n\tat org.apache.maven.surefire.booter.ForkedBooter.execute(ForkedBooter.java:162)\n\tat org.apache.maven.surefire.booter.ForkedBooter.run(ForkedBooter.java:507)\n\tat org.apache.maven.surefire.booter.ForkedBooter.main(ForkedBooter.java:495)\n","steps":[],"attachments":[{"uid":"5da3c103a17b0f4","name":"Request","source":"5da3c103a17b0f4.html","type":"text/html","size":1339},{"uid":"cf69b59cccc7536d","name":"HTTP/1.1 200 ","source":"cf69b59cccc7536d.html","type":"text/html","size":2088},{"uid":"c71450682ca7b53","name":"Request","source":"c71450682ca7b53.html","type":"text/html","size":939},{"uid":"6e34cdd2ccb6e8fa","name":"HTTP/1.1 200 ","source":"6e34cdd2ccb6e8fa.html","type":"text/html","size":2225},{"uid":"9df1f451a448bc2e","name":"Request","source":"9df1f451a448bc2e.html","type":"text/html","size":3369},{"uid":"850b0f6b6bb04bf2","name":"HTTP/1.1 200 ","source":"850b0f6b6bb04bf2.html","type":"text/html","size":3963},{"uid":"1de03caf83f1d00e","name":"Request","source":"1de03caf83f1d00e.html","type":"text/html","size":857},{"uid":"d10cc80fa7a15fa5","name":"HTTP/1.1 200 ","source":"d10cc80fa7a15fa5.html","type":"text/html","size":2288},{"uid":"6e22dae77c542e4f","name":"Request","source":"6e22dae77c542e4f.html","type":"text/html","size":640},{"uid":"99d23317faa6bde3","name":"HTTP/1.1 200 ","source":"99d23317faa6bde3.html","type":"text/html","size":731},{"uid":"a4339892f0c33788","name":"Request","source":"a4339892f0c33788.html","type":"text/html","size":640},{"uid":"2ddb1d801b521c4b","name":"HTTP/1.1 200 ","source":"2ddb1d801b521c4b.html","type":"text/html","size":731},{"uid":"6f960597e381ce1e","name":"Request","source":"6f960597e381ce1e.html","type":"text/html","size":640},{"uid":"f794cbec292ee837","name":"HTTP/1.1 200 ","source":"f794cbec292ee837.html","type":"text/html","size":731},{"uid":"8e3b977110dc6fce","name":"Request","source":"8e3b977110dc6fce.html","type":"text/html","size":640},{"uid":"6c87c2a6b074359d","name":"HTTP/1.1 200 ","source":"6c87c2a6b074359d.html","type":"text/html","size":731}],"parameters":[],"shouldDisplayMessage":true,"stepsCount":0,"attachmentsCount":16,"hasContent":true},"afterStages":[{"name":"afterTest","time":{"start":1732398350590,"stop":1732398350750,"duration":160},"description":"","status":"passed","steps":[],"attachments":[{"uid":"a2132c633b4f4590","name":"Request","source":"a2132c633b4f4590.html","type":"text/html","size":602},{"uid":"222494762f26b693","name":"HTTP/1.1 204 ","source":"222494762f26b693.html","type":"text/html","size":478},{"uid":"f1c30a14ee053270","name":"Request","source":"f1c30a14ee053270.html","type":"text/html","size":598},{"uid":"e788adb5f8a41709","name":"HTTP/1.1 204 ","source":"e788adb5f8a41709.html","type":"text/html","size":478},{"uid":"9cd9f4c5d5ddc68e","name":"Request","source":"9cd9f4c5d5ddc68e.html","type":"text/html","size":564},{"uid":"41ae69d24eb8cd2c","name":"HTTP/1.1 204 ","source":"41ae69d24eb8cd2c.html","type":"text/html","size":478}],"parameters":[],"shouldDisplayMessage":false,"stepsCount":0,"attachmentsCount":6,"hasContent":true}],"labels":[{"name":"package","value":"com.example.wtf_workshop.api.BuildTest"},{"name":"testClass","value":"com.example.wtf_workshop.api.BuildTest"},{"name":"testMethod","value":"userStartsBuildTest"},{"name":"parentSuite","value":"Surefire suite"},{"name":"suite","value":"Surefire test"},{"name":"subSuite","value":"com.example.wtf_workshop.api.BuildTest"},{"name":"host","value":"fv-az732-346"},{"name":"thread","value":"4155@fv-az732-346.main(1)"},{"name":"framework","value":"testng"},{"name":"language","value":"java"},{"name":"resultFormat","value":"allure2"}],"parameters":[],"links":[],"hidden":false,"retry":false,"extra":{"severity":"normal","retries":[],"categories":[{"name":"Test defects","matchedStatuses":[],"flaky":false}],"history":{"statistic":{"failed":0,"broken":3,"skipped":0,"passed":0,"unknown":0,"total":3},"items":[{"uid":"8bb62993e14bdf45","reportUrl":"https://ozornoy.github.io/wtf_workshop/api/9//#testresult/8bb62993e14bdf45","status":"broken","statusDetails":"Condition with com.example.wtf_workshop.api.BuildTest was not fulfilled within 5 seconds.","time":{"start":1732397743606,"stop":1732397750331,"duration":6725}},{"uid":"1084f8ac878bebc2","reportUrl":"https://ozornoy.github.io/wtf_workshop/api/8//#testresult/1084f8ac878bebc2","status":"broken","statusDetails":"Condition with com.example.wtf_workshop.api.BuildTest was not fulfilled within 5 seconds.","time":{"start":1732396754931,"stop":1732396761330,"duration":6399}}]},"tags":[]},"source":"5fdf4482d07962c4.json","parameterValues":[]}