{"uid":"8bb62993e14bdf45","name":"User should be able to start build","fullName":"com.example.wtf_workshop.api.BuildTest.userStartsBuildTest","historyId":"4d05d3fb402d70fcca9970ca832b6188","time":{"start":1732397743606,"stop":1732397750331,"duration":6725},"status":"broken","statusMessage":"Condition with com.example.wtf_workshop.api.BuildTest was not fulfilled within 5 seconds.","statusTrace":"org.awaitility.core.ConditionTimeoutException: Condition with com.example.wtf_workshop.api.BuildTest was not fulfilled within 5 seconds.\n\tat org.awaitility.core.ConditionAwaiter.await(ConditionAwaiter.java:166)\n\tat org.awaitility.core.CallableCondition.await(CallableCondition.java:78)\n\tat org.awaitility.core.CallableCondition.await(CallableCondition.java:26)\n\tat org.awaitility.core.ConditionFactory.until(ConditionFactory.java:939)\n\tat org.awaitility.core.ConditionFactory.until(ConditionFactory.java:908)\n\tat com.example.wtf_workshop.api.BuildTest.userStartsBuildTest(BuildTest.java:34)\n\tat java.base/jdk.internal.reflect.NativeMethodAccessorImpl.invoke0(Native Method)\n\tat java.base/jdk.internal.reflect.NativeMethodAccessorImpl.invoke(NativeMethodAccessorImpl.java:77)\n\tat java.base/jdk.internal.reflect.DelegatingMethodAccessorImpl.invoke(DelegatingMethodAccessorImpl.java:43)\n\tat java.base/java.lang.reflect.Method.invoke(Method.java:569)\n\tat org.testng.internal.invokers.MethodInvocationHelper.invokeMethod(MethodInvocationHelper.java:141)\n\tat org.testng.internal.invokers.TestInvoker.invokeMethod(TestInvoker.java:686)\n\tat org.testng.internal.invokers.TestInvoker.invokeTestMethod(TestInvoker.java:230)\n\tat org.testng.internal.invokers.MethodRunner.runInSequence(MethodRunner.java:63)\n\tat org.testng.internal.invokers.TestInvoker$MethodInvocationAgent.invoke(TestInvoker.java:992)\n\tat org.testng.internal.invokers.TestInvoker.invokeTestMethods(TestInvoker.java:203)\n\tat org.testng.internal.invokers.TestMethodWorker.invokeTestMethods(TestMethodWorker.java:154)\n\tat org.testng.internal.invokers.TestMethodWorker.run(TestMethodWorker.java:134)\n\tat java.base/java.util.ArrayList.forEach(ArrayList.java:1511)\n\tat org.testng.TestRunner.privateRun(TestRunner.java:739)\n\tat org.testng.TestRunner.run(TestRunner.java:614)\n\tat org.testng.SuiteRunner.runTest(SuiteRunner.java:421)\n\tat org.testng.SuiteRunner.runSequentially(SuiteRunner.java:413)\n\tat org.testng.SuiteRunner.privateRun(SuiteRunner.java:373)\n\tat org.testng.SuiteRunner.run(SuiteRunner.java:312)\n\tat org.testng.SuiteRunnerWorker.runSuite(SuiteRunnerWorker.java:52)\n\tat org.testng.SuiteRunnerWorker.run(SuiteRunnerWorker.java:95)\n\tat org.testng.TestNG.runSuitesSequentially(TestNG.java:1274)\n\tat org.testng.TestNG.runSuitesLocally(TestNG.java:1208)\n\tat org.testng.TestNG.runSuites(TestNG.java:1112)\n\tat org.testng.TestNG.run(TestNG.java:1079)\n\tat org.apache.maven.surefire.testng.TestNGExecutor.run(TestNGExecutor.java:155)\n\tat org.apache.maven.surefire.testng.TestNGDirectoryTestSuite.executeMulti(TestNGDirectoryTestSuite.java:169)\n\tat org.apache.maven.surefire.testng.TestNGDirectoryTestSuite.execute(TestNGDirectoryTestSuite.java:88)\n\tat org.apache.maven.surefire.testng.TestNGProvider.invoke(TestNGProvider.java:137)\n\tat org.apache.maven.surefire.booter.ForkedBooter.runSuitesInProcess(ForkedBooter.java:385)\n\tat org.apache.maven.surefire.booter.ForkedBooter.execute(ForkedBooter.java:162)\n\tat org.apache.maven.surefire.booter.ForkedBooter.run(ForkedBooter.java:507)\n\tat org.apache.maven.surefire.booter.ForkedBooter.main(ForkedBooter.java:495)\n","flaky":false,"newFailed":false,"newBroken":false,"newPassed":false,"retriesCount":0,"retriesStatusChange":false,"beforeStages":[{"name":"beforeTest","time":{"start":1732397743603,"stop":1732397743604,"duration":1},"description":"","status":"passed","steps":[],"attachments":[],"parameters":[],"shouldDisplayMessage":false,"stepsCount":0,"attachmentsCount":0,"hasContent":false}],"testStage":{"status":"broken","statusMessage":"Condition with com.example.wtf_workshop.api.BuildTest was not fulfilled within 5 seconds.","statusTrace":"org.awaitility.core.ConditionTimeoutException: Condition with com.example.wtf_workshop.api.BuildTest was not fulfilled within 5 seconds.\n\tat org.awaitility.core.ConditionAwaiter.await(ConditionAwaiter.java:166)\n\tat org.awaitility.core.CallableCondition.await(CallableCondition.java:78)\n\tat org.awaitility.core.CallableCondition.await(CallableCondition.java:26)\n\tat org.awaitility.core.ConditionFactory.until(ConditionFactory.java:939)\n\tat org.awaitility.core.ConditionFactory.until(ConditionFactory.java:908)\n\tat com.example.wtf_workshop.api.BuildTest.userStartsBuildTest(BuildTest.java:34)\n\tat java.base/jdk.internal.reflect.NativeMethodAccessorImpl.invoke0(Native Method)\n\tat java.base/jdk.internal.reflect.NativeMethodAccessorImpl.invoke(NativeMethodAccessorImpl.java:77)\n\tat java.base/jdk.internal.reflect.DelegatingMethodAccessorImpl.invoke(DelegatingMethodAccessorImpl.java:43)\n\tat java.base/java.lang.reflect.Method.invoke(Method.java:569)\n\tat org.testng.internal.invokers.MethodInvocationHelper.invokeMethod(MethodInvocationHelper.java:141)\n\tat org.testng.internal.invokers.TestInvoker.invokeMethod(TestInvoker.java:686)\n\tat org.testng.internal.invokers.TestInvoker.invokeTestMethod(TestInvoker.java:230)\n\tat org.testng.internal.invokers.MethodRunner.runInSequence(MethodRunner.java:63)\n\tat org.testng.internal.invokers.TestInvoker$MethodInvocationAgent.invoke(TestInvoker.java:992)\n\tat org.testng.internal.invokers.TestInvoker.invokeTestMethods(TestInvoker.java:203)\n\tat org.testng.internal.invokers.TestMethodWorker.invokeTestMethods(TestMethodWorker.java:154)\n\tat org.testng.internal.invokers.TestMethodWorker.run(TestMethodWorker.java:134)\n\tat java.base/java.util.ArrayList.forEach(ArrayList.java:1511)\n\tat org.testng.TestRunner.privateRun(TestRunner.java:739)\n\tat org.testng.TestRunner.run(TestRunner.java:614)\n\tat org.testng.SuiteRunner.runTest(SuiteRunner.java:421)\n\tat org.testng.SuiteRunner.runSequentially(SuiteRunner.java:413)\n\tat org.testng.SuiteRunner.privateRun(SuiteRunner.java:373)\n\tat org.testng.SuiteRunner.run(SuiteRunner.java:312)\n\tat org.testng.SuiteRunnerWorker.runSuite(SuiteRunnerWorker.java:52)\n\tat org.testng.SuiteRunnerWorker.run(SuiteRunnerWorker.java:95)\n\tat org.testng.TestNG.runSuitesSequentially(TestNG.java:1274)\n\tat org.testng.TestNG.runSuitesLocally(TestNG.java:1208)\n\tat org.testng.TestNG.runSuites(TestNG.java:1112)\n\tat org.testng.TestNG.run(TestNG.java:1079)\n\tat org.apache.maven.surefire.testng.TestNGExecutor.run(TestNGExecutor.java:155)\n\tat org.apache.maven.surefire.testng.TestNGDirectoryTestSuite.executeMulti(TestNGDirectoryTestSuite.java:169)\n\tat org.apache.maven.surefire.testng.TestNGDirectoryTestSuite.execute(TestNGDirectoryTestSuite.java:88)\n\tat org.apache.maven.surefire.testng.TestNGProvider.invoke(TestNGProvider.java:137)\n\tat org.apache.maven.surefire.booter.ForkedBooter.runSuitesInProcess(ForkedBooter.java:385)\n\tat org.apache.maven.surefire.booter.ForkedBooter.execute(ForkedBooter.java:162)\n\tat org.apache.maven.surefire.booter.ForkedBooter.run(ForkedBooter.java:507)\n\tat org.apache.maven.surefire.booter.ForkedBooter.main(ForkedBooter.java:495)\n","steps":[],"attachments":[{"uid":"cd9abcef2073668","name":"Request","source":"cd9abcef2073668.html","type":"text/html","size":1339},{"uid":"a33953447a24d72c","name":"HTTP/1.1 200 ","source":"a33953447a24d72c.html","type":"text/html","size":2088},{"uid":"e5aeb515c51c236f","name":"Request","source":"e5aeb515c51c236f.html","type":"text/html","size":939},{"uid":"4a1a51b1526147d2","name":"HTTP/1.1 200 ","source":"4a1a51b1526147d2.html","type":"text/html","size":2225},{"uid":"ee7f5b9795f2c5e0","name":"Request","source":"ee7f5b9795f2c5e0.html","type":"text/html","size":3369},{"uid":"278c78fdcfd365b7","name":"HTTP/1.1 200 ","source":"278c78fdcfd365b7.html","type":"text/html","size":3963},{"uid":"8abf62b7cc7edb1a","name":"Request","source":"8abf62b7cc7edb1a.html","type":"text/html","size":857},{"uid":"5fb5de6859fd9341","name":"HTTP/1.1 200 ","source":"5fb5de6859fd9341.html","type":"text/html","size":2288},{"uid":"60723dd8d43cabb0","name":"Request","source":"60723dd8d43cabb0.html","type":"text/html","size":640},{"uid":"ce058e84a12519c5","name":"HTTP/1.1 200 ","source":"ce058e84a12519c5.html","type":"text/html","size":731},{"uid":"e655563f6b6f64ad","name":"Request","source":"e655563f6b6f64ad.html","type":"text/html","size":640},{"uid":"67d6e2599d449ecf","name":"HTTP/1.1 200 ","source":"67d6e2599d449ecf.html","type":"text/html","size":731},{"uid":"a76074abb6ae264b","name":"Request","source":"a76074abb6ae264b.html","type":"text/html","size":640},{"uid":"e6c8fcc0fb639c3d","name":"HTTP/1.1 200 ","source":"e6c8fcc0fb639c3d.html","type":"text/html","size":731},{"uid":"c55e5af80acb759a","name":"Request","source":"c55e5af80acb759a.html","type":"text/html","size":640},{"uid":"23cb880225c8d58b","name":"HTTP/1.1 200 ","source":"23cb880225c8d58b.html","type":"text/html","size":731}],"parameters":[],"shouldDisplayMessage":true,"stepsCount":0,"attachmentsCount":16,"hasContent":true},"afterStages":[{"name":"afterTest","time":{"start":1732397750337,"stop":1732397750509,"duration":172},"description":"","status":"passed","steps":[],"attachments":[{"uid":"928ecd4e5cbddd6c","name":"Request","source":"928ecd4e5cbddd6c.html","type":"text/html","size":602},{"uid":"41f812c9f04f9bd3","name":"HTTP/1.1 204 ","source":"41f812c9f04f9bd3.html","type":"text/html","size":478},{"uid":"9e995231783d9b62","name":"Request","source":"9e995231783d9b62.html","type":"text/html","size":598},{"uid":"6ffe92c441f34c9b","name":"HTTP/1.1 204 ","source":"6ffe92c441f34c9b.html","type":"text/html","size":478},{"uid":"3073688dc41c46b1","name":"Request","source":"3073688dc41c46b1.html","type":"text/html","size":564},{"uid":"781eca26b5149499","name":"HTTP/1.1 204 ","source":"781eca26b5149499.html","type":"text/html","size":478}],"parameters":[],"shouldDisplayMessage":false,"stepsCount":0,"attachmentsCount":6,"hasContent":true}],"labels":[{"name":"package","value":"com.example.wtf_workshop.api.BuildTest"},{"name":"testClass","value":"com.example.wtf_workshop.api.BuildTest"},{"name":"testMethod","value":"userStartsBuildTest"},{"name":"parentSuite","value":"Surefire suite"},{"name":"suite","value":"Surefire test"},{"name":"subSuite","value":"com.example.wtf_workshop.api.BuildTest"},{"name":"host","value":"fv-az702-874"},{"name":"thread","value":"4183@fv-az702-874.main(1)"},{"name":"framework","value":"testng"},{"name":"language","value":"java"},{"name":"resultFormat","value":"allure2"}],"parameters":[],"links":[],"hidden":false,"retry":false,"extra":{"severity":"normal","retries":[],"categories":[{"name":"Test defects","matchedStatuses":[],"flaky":false}],"history":{"statistic":{"failed":0,"broken":2,"skipped":0,"passed":0,"unknown":0,"total":2},"items":[{"uid":"1084f8ac878bebc2","reportUrl":"https://ozornoy.github.io/wtf_workshop/api/8//#testresult/1084f8ac878bebc2","status":"broken","statusDetails":"Condition with com.example.wtf_workshop.api.BuildTest was not fulfilled within 5 seconds.","time":{"start":1732396754931,"stop":1732396761330,"duration":6399}}]},"tags":[]},"source":"8bb62993e14bdf45.json","parameterValues":[]}