{"uid":"6f8f2e158736e2eb","name":"User should be able to run build type","fullName":"com.example.wtf_workshop.ui.RunBuildTest.userRunsBuildTest","historyId":"d5b2ff35c29c8798561e0fc296874b6e","time":{"start":1732548881444,"stop":1732548951622,"duration":70178},"status":"failed","statusMessage":"Element should exist {[class*=BuildTypes__item].snapshot(1 elements)[0]/[class*=buildContainer].snapshot(1 elements)[0]}\nElement: 'Ups, failed to describe the element [caused by: NoSuchElementException: no such element: No node with given id found]'\nActual value: does not exist\nScreenshot: file:/home/runner/work/wtf_workshop/wtf_workshop/build/reports/tests/1732548951130.0.png\nPage source: file:/home/runner/work/wtf_workshop/wtf_workshop/build/reports/tests/1732548951130.0.html\nTimeout: 30 s.","statusTrace":"Element should exist {[class*=BuildTypes__item].snapshot(1 elements)[0]/[class*=buildContainer].snapshot(1 elements)[0]}\nElement: 'Ups, failed to describe the element [caused by: NoSuchElementException: no such element: No node with given id found]'\nActual value: does not exist\nScreenshot: file:/home/runner/work/wtf_workshop/wtf_workshop/build/reports/tests/1732548951130.0.png\nPage source: file:/home/runner/work/wtf_workshop/wtf_workshop/build/reports/tests/1732548951130.0.html\nTimeout: 30 s.\n\tat com.codeborne.selenide.impl.WebElementSource.handleError(WebElementSource.java:148)\n\tat com.codeborne.selenide.impl.WebElementSource.checkConditionAndReturnElement(WebElementSource.java:126)\n\tat com.codeborne.selenide.impl.WebElementSource.checkCondition(WebElementSource.java:103)\n\tat com.codeborne.selenide.impl.ElementFinder.createElementNotFoundError(ElementFinder.java:139)\n\tat com.codeborne.selenide.impl.WebElementSource.handleError(WebElementSource.java:142)\n\tat com.codeborne.selenide.impl.WebElementSource.checkConditionAndReturnElement(WebElementSource.java:126)\n\tat com.codeborne.selenide.impl.WebElementSource.checkCondition(WebElementSource.java:103)\n\tat com.codeborne.selenide.commands.Should.execute(Should.java:30)\n\tat com.codeborne.selenide.commands.Should.execute(Should.java:14)\n\tat com.codeborne.selenide.commands.Commands.execute(Commands.java:162)\n\tat com.codeborne.selenide.impl.SelenideElementProxy.dispatchAndRetry(SelenideElementProxy.java:134)\n\tat com.codeborne.selenide.impl.SelenideElementProxy.invoke(SelenideElementProxy.java:86)\n\tat jdk.proxy2/jdk.proxy2.$Proxy31.shouldBe(Unknown Source)\n\tat com.example.wtf_workshop.ui.elements.BuildElement.successStatusIconShouldBeVisible(BuildElement.java:36)\n\tat com.example.wtf_workshop.ui.RunBuildTest.userRunsBuildTest(RunBuildTest.java:33)\n\tat java.base/jdk.internal.reflect.NativeMethodAccessorImpl.invoke0(Native Method)\n\tat java.base/jdk.internal.reflect.NativeMethodAccessorImpl.invoke(NativeMethodAccessorImpl.java:77)\n\tat java.base/jdk.internal.reflect.DelegatingMethodAccessorImpl.invoke(DelegatingMethodAccessorImpl.java:43)\n\tat java.base/java.lang.reflect.Method.invoke(Method.java:569)\n\tat org.testng.internal.invokers.MethodInvocationHelper.invokeMethod(MethodInvocationHelper.java:141)\n\tat org.testng.internal.invokers.TestInvoker.invokeMethod(TestInvoker.java:686)\n\tat org.testng.internal.invokers.TestInvoker.invokeTestMethod(TestInvoker.java:230)\n\tat org.testng.internal.invokers.MethodRunner.runInSequence(MethodRunner.java:63)\n\tat org.testng.internal.invokers.TestInvoker$MethodInvocationAgent.invoke(TestInvoker.java:992)\n\tat org.testng.internal.invokers.TestInvoker.invokeTestMethods(TestInvoker.java:203)\n\tat org.testng.internal.invokers.TestMethodWorker.invokeTestMethods(TestMethodWorker.java:154)\n\tat org.testng.internal.invokers.TestMethodWorker.run(TestMethodWorker.java:134)\n\tat java.base/java.util.ArrayList.forEach(ArrayList.java:1511)\n\tat org.testng.TestRunner.privateRun(TestRunner.java:739)\n\tat org.testng.TestRunner.run(TestRunner.java:614)\n\tat org.testng.SuiteRunner.runTest(SuiteRunner.java:421)\n\tat org.testng.SuiteRunner.runSequentially(SuiteRunner.java:413)\n\tat org.testng.SuiteRunner.privateRun(SuiteRunner.java:373)\n\tat org.testng.SuiteRunner.run(SuiteRunner.java:312)\n\tat org.testng.SuiteRunnerWorker.runSuite(SuiteRunnerWorker.java:52)\n\tat org.testng.SuiteRunnerWorker.run(SuiteRunnerWorker.java:95)\n\tat org.testng.TestNG.runSuitesSequentially(TestNG.java:1274)\n\tat org.testng.TestNG.runSuitesLocally(TestNG.java:1208)\n\tat org.testng.TestNG.runSuites(TestNG.java:1112)\n\tat org.testng.TestNG.run(TestNG.java:1079)\n\tat org.apache.maven.surefire.testng.TestNGExecutor.run(TestNGExecutor.java:155)\n\tat org.apache.maven.surefire.testng.TestNGDirectoryTestSuite.executeMulti(TestNGDirectoryTestSuite.java:169)\n\tat org.apache.maven.surefire.testng.TestNGDirectoryTestSuite.execute(TestNGDirectoryTestSuite.java:88)\n\tat org.apache.maven.surefire.testng.TestNGProvider.invoke(TestNGProvider.java:137)\n\tat org.apache.maven.surefire.booter.ForkedBooter.runSuitesInProcess(ForkedBooter.java:385)\n\tat org.apache.maven.surefire.booter.ForkedBooter.execute(ForkedBooter.java:162)\n\tat org.apache.maven.surefire.booter.ForkedBooter.run(ForkedBooter.java:507)\n\tat org.apache.maven.surefire.booter.ForkedBooter.main(ForkedBooter.java:495)\n","flaky":true,"newFailed":true,"newBroken":false,"newPassed":false,"retriesCount":0,"retriesStatusChange":false,"beforeStages":[{"name":"beforeTest","time":{"start":1732548881110,"stop":1732548881152,"duration":42},"description":"","status":"passed","steps":[],"attachments":[],"parameters":[],"shouldDisplayMessage":false,"stepsCount":0,"attachmentsCount":0,"hasContent":false}],"testStage":{"status":"failed","statusMessage":"Element should exist {[class*=BuildTypes__item].snapshot(1 elements)[0]/[class*=buildContainer].snapshot(1 elements)[0]}\nElement: 'Ups, failed to describe the element [caused by: NoSuchElementException: no such element: No node with given id found]'\nActual value: does not exist\nScreenshot: file:/home/runner/work/wtf_workshop/wtf_workshop/build/reports/tests/1732548951130.0.png\nPage source: file:/home/runner/work/wtf_workshop/wtf_workshop/build/reports/tests/1732548951130.0.html\nTimeout: 30 s.","statusTrace":"Element should exist {[class*=BuildTypes__item].snapshot(1 elements)[0]/[class*=buildContainer].snapshot(1 elements)[0]}\nElement: 'Ups, failed to describe the element [caused by: NoSuchElementException: no such element: No node with given id found]'\nActual value: does not exist\nScreenshot: file:/home/runner/work/wtf_workshop/wtf_workshop/build/reports/tests/1732548951130.0.png\nPage source: file:/home/runner/work/wtf_workshop/wtf_workshop/build/reports/tests/1732548951130.0.html\nTimeout: 30 s.\n\tat com.codeborne.selenide.impl.WebElementSource.handleError(WebElementSource.java:148)\n\tat com.codeborne.selenide.impl.WebElementSource.checkConditionAndReturnElement(WebElementSource.java:126)\n\tat com.codeborne.selenide.impl.WebElementSource.checkCondition(WebElementSource.java:103)\n\tat com.codeborne.selenide.impl.ElementFinder.createElementNotFoundError(ElementFinder.java:139)\n\tat com.codeborne.selenide.impl.WebElementSource.handleError(WebElementSource.java:142)\n\tat com.codeborne.selenide.impl.WebElementSource.checkConditionAndReturnElement(WebElementSource.java:126)\n\tat com.codeborne.selenide.impl.WebElementSource.checkCondition(WebElementSource.java:103)\n\tat com.codeborne.selenide.commands.Should.execute(Should.java:30)\n\tat com.codeborne.selenide.commands.Should.execute(Should.java:14)\n\tat com.codeborne.selenide.commands.Commands.execute(Commands.java:162)\n\tat com.codeborne.selenide.impl.SelenideElementProxy.dispatchAndRetry(SelenideElementProxy.java:134)\n\tat com.codeborne.selenide.impl.SelenideElementProxy.invoke(SelenideElementProxy.java:86)\n\tat jdk.proxy2/jdk.proxy2.$Proxy31.shouldBe(Unknown Source)\n\tat com.example.wtf_workshop.ui.elements.BuildElement.successStatusIconShouldBeVisible(BuildElement.java:36)\n\tat com.example.wtf_workshop.ui.RunBuildTest.userRunsBuildTest(RunBuildTest.java:33)\n\tat java.base/jdk.internal.reflect.NativeMethodAccessorImpl.invoke0(Native Method)\n\tat java.base/jdk.internal.reflect.NativeMethodAccessorImpl.invoke(NativeMethodAccessorImpl.java:77)\n\tat java.base/jdk.internal.reflect.DelegatingMethodAccessorImpl.invoke(DelegatingMethodAccessorImpl.java:43)\n\tat java.base/java.lang.reflect.Method.invoke(Method.java:569)\n\tat org.testng.internal.invokers.MethodInvocationHelper.invokeMethod(MethodInvocationHelper.java:141)\n\tat org.testng.internal.invokers.TestInvoker.invokeMethod(TestInvoker.java:686)\n\tat org.testng.internal.invokers.TestInvoker.invokeTestMethod(TestInvoker.java:230)\n\tat org.testng.internal.invokers.MethodRunner.runInSequence(MethodRunner.java:63)\n\tat org.testng.internal.invokers.TestInvoker$MethodInvocationAgent.invoke(TestInvoker.java:992)\n\tat org.testng.internal.invokers.TestInvoker.invokeTestMethods(TestInvoker.java:203)\n\tat org.testng.internal.invokers.TestMethodWorker.invokeTestMethods(TestMethodWorker.java:154)\n\tat org.testng.internal.invokers.TestMethodWorker.run(TestMethodWorker.java:134)\n\tat java.base/java.util.ArrayList.forEach(ArrayList.java:1511)\n\tat org.testng.TestRunner.privateRun(TestRunner.java:739)\n\tat org.testng.TestRunner.run(TestRunner.java:614)\n\tat org.testng.SuiteRunner.runTest(SuiteRunner.java:421)\n\tat org.testng.SuiteRunner.runSequentially(SuiteRunner.java:413)\n\tat org.testng.SuiteRunner.privateRun(SuiteRunner.java:373)\n\tat org.testng.SuiteRunner.run(SuiteRunner.java:312)\n\tat org.testng.SuiteRunnerWorker.runSuite(SuiteRunnerWorker.java:52)\n\tat org.testng.SuiteRunnerWorker.run(SuiteRunnerWorker.java:95)\n\tat org.testng.TestNG.runSuitesSequentially(TestNG.java:1274)\n\tat org.testng.TestNG.runSuitesLocally(TestNG.java:1208)\n\tat org.testng.TestNG.runSuites(TestNG.java:1112)\n\tat org.testng.TestNG.run(TestNG.java:1079)\n\tat org.apache.maven.surefire.testng.TestNGExecutor.run(TestNGExecutor.java:155)\n\tat org.apache.maven.surefire.testng.TestNGDirectoryTestSuite.executeMulti(TestNGDirectoryTestSuite.java:169)\n\tat org.apache.maven.surefire.testng.TestNGDirectoryTestSuite.execute(TestNGDirectoryTestSuite.java:88)\n\tat org.apache.maven.surefire.testng.TestNGProvider.invoke(TestNGProvider.java:137)\n\tat org.apache.maven.surefire.booter.ForkedBooter.runSuitesInProcess(ForkedBooter.java:385)\n\tat org.apache.maven.surefire.booter.ForkedBooter.execute(ForkedBooter.java:162)\n\tat org.apache.maven.surefire.booter.ForkedBooter.run(ForkedBooter.java:507)\n\tat org.apache.maven.surefire.booter.ForkedBooter.main(ForkedBooter.java:495)\n","steps":[{"name":"$(\"open\") http://172.17.0.1:8111/login.html","time":{"start":1732548885485,"stop":1732548890494,"duration":5009},"status":"passed","steps":[{"name":"$(\"webdriver\") create()","time":{"start":1732548885491,"stop":1732548889048,"duration":3557},"status":"passed","steps":[],"attachments":[],"parameters":[],"shouldDisplayMessage":false,"stepsCount":0,"attachmentsCount":0,"hasContent":false}],"attachments":[],"parameters":[],"shouldDisplayMessage":false,"stepsCount":1,"attachmentsCount":0,"hasContent":true},{"name":"$(\"#username\") val(test_YfaduALEiC)","time":{"start":1732548890546,"stop":1732548891104,"duration":558},"status":"passed","steps":[],"attachments":[],"parameters":[],"shouldDisplayMessage":false,"stepsCount":0,"attachmentsCount":0,"hasContent":false},{"name":"$(\"#password\") val(test_IWEMWsKTjt)","time":{"start":1732548891105,"stop":1732548891410,"duration":305},"status":"passed","steps":[],"attachments":[],"parameters":[],"shouldDisplayMessage":false,"stepsCount":0,"attachmentsCount":0,"hasContent":false},{"name":"$(\".loginButton\") click()","time":{"start":1732548891410,"stop":1732548891697,"duration":287},"status":"passed","steps":[],"attachments":[],"parameters":[],"shouldDisplayMessage":false,"stepsCount":0,"attachmentsCount":0,"hasContent":false},{"name":"$(\"[data-test=sidebar]/[data-test=sidebar-search]\") should be([visible, 30 s.])","time":{"start":1732548891705,"stop":1732548915935,"duration":24230},"status":"passed","steps":[],"attachments":[],"parameters":[],"shouldDisplayMessage":false,"stepsCount":0,"attachmentsCount":0,"hasContent":false},{"name":"$(\"open\") http://172.17.0.1:8111/project/test_EexKJZgufB","time":{"start":1732548917052,"stop":1732548918376,"duration":1324},"status":"passed","steps":[],"attachments":[],"parameters":[],"shouldDisplayMessage":false,"stepsCount":0,"attachmentsCount":0,"hasContent":false},{"name":"$(\"[class*=ProjectPageHeader__title]\") should be([visible, 30 s.])","time":{"start":1732548918376,"stop":1732548919071,"duration":695},"status":"passed","steps":[],"attachments":[],"parameters":[],"shouldDisplayMessage":false,"stepsCount":0,"attachmentsCount":0,"hasContent":false},{"name":"$(\"[class*=BuildTypes__item].snapshot(1 elements)[0]/[class*=Details__button]\") click()","time":{"start":1732548919097,"stop":1732548919204,"duration":107},"status":"passed","steps":[],"attachments":[],"parameters":[],"shouldDisplayMessage":false,"stepsCount":0,"attachmentsCount":0,"hasContent":false},{"name":"$(\"[class*=BuildTypes__item].snapshot(1 elements)[0]/[data-test=run-build]\") click()","time":{"start":1732548919227,"stop":1732548919661,"duration":434},"status":"passed","steps":[],"attachments":[],"parameters":[],"shouldDisplayMessage":false,"stepsCount":0,"attachmentsCount":0,"hasContent":false},{"name":"$(\"[class*=BuildTypes__item].snapshot(1 elements)[0]/[class*=buildContainer]\") should have(size(1))","time":{"start":1732548919669,"stop":1732548921040,"duration":1371},"status":"passed","steps":[],"attachments":[],"parameters":[],"shouldDisplayMessage":false,"stepsCount":0,"attachmentsCount":0,"hasContent":false},{"name":"$(\"[class*=BuildTypes__item].snapshot(1 elements)[0]/[class*=buildContainer].snapshot(1 elements)[0]/[data-test-icon=finished_green]\") should be([visible, 30 s.])","time":{"start":1732548921051,"stop":1732548951619,"duration":30568},"status":"failed","statusMessage":"Element should exist {[class*=BuildTypes__item].snapshot(1 elements)[0]/[class*=buildContainer].snapshot(1 elements)[0]}\nElement: 'Ups, failed to describe the element [caused by: NoSuchElementException: no such element: No node with given id found]'\nActual value: does not exist\nScreenshot: file:/home/runner/work/wtf_workshop/wtf_workshop/build/reports/tests/1732548951130.0.png\nPage source: file:/home/runner/work/wtf_workshop/wtf_workshop/build/reports/tests/1732548951130.0.html\nTimeout: 30 s.","statusTrace":"Element should exist {[class*=BuildTypes__item].snapshot(1 elements)[0]/[class*=buildContainer].snapshot(1 elements)[0]}\nElement: 'Ups, failed to describe the element [caused by: NoSuchElementException: no such element: No node with given id found]'\nActual value: does not exist\nScreenshot: file:/home/runner/work/wtf_workshop/wtf_workshop/build/reports/tests/1732548951130.0.png\nPage source: file:/home/runner/work/wtf_workshop/wtf_workshop/build/reports/tests/1732548951130.0.html\nTimeout: 30 s.\n\tat com.codeborne.selenide.impl.WebElementSource.handleError(WebElementSource.java:148)\n\tat com.codeborne.selenide.impl.WebElementSource.checkConditionAndReturnElement(WebElementSource.java:126)\n\tat com.codeborne.selenide.impl.WebElementSource.checkCondition(WebElementSource.java:103)\n\tat com.codeborne.selenide.impl.ElementFinder.createElementNotFoundError(ElementFinder.java:139)\n\tat com.codeborne.selenide.impl.WebElementSource.handleError(WebElementSource.java:142)\n\tat com.codeborne.selenide.impl.WebElementSource.checkConditionAndReturnElement(WebElementSource.java:126)\n\tat com.codeborne.selenide.impl.WebElementSource.checkCondition(WebElementSource.java:103)\n\tat com.codeborne.selenide.commands.Should.execute(Should.java:30)\n\tat com.codeborne.selenide.commands.Should.execute(Should.java:14)\n\tat com.codeborne.selenide.commands.Commands.execute(Commands.java:162)\n\tat com.codeborne.selenide.impl.SelenideElementProxy.dispatchAndRetry(SelenideElementProxy.java:134)\n\tat com.codeborne.selenide.impl.SelenideElementProxy.invoke(SelenideElementProxy.java:86)\n\tat jdk.proxy2/jdk.proxy2.$Proxy31.shouldBe(Unknown Source)\n\tat com.example.wtf_workshop.ui.elements.BuildElement.successStatusIconShouldBeVisible(BuildElement.java:36)\n\tat com.example.wtf_workshop.ui.RunBuildTest.userRunsBuildTest(RunBuildTest.java:33)\n\tat java.base/jdk.internal.reflect.NativeMethodAccessorImpl.invoke0(Native Method)\n\tat java.base/jdk.internal.reflect.NativeMethodAccessorImpl.invoke(NativeMethodAccessorImpl.java:77)\n\tat java.base/jdk.internal.reflect.DelegatingMethodAccessorImpl.invoke(DelegatingMethodAccessorImpl.java:43)\n\tat java.base/java.lang.reflect.Method.invoke(Method.java:569)\n\tat org.testng.internal.invokers.MethodInvocationHelper.invokeMethod(MethodInvocationHelper.java:141)\n\tat org.testng.internal.invokers.TestInvoker.invokeMethod(TestInvoker.java:686)\n\tat org.testng.internal.invokers.TestInvoker.invokeTestMethod(TestInvoker.java:230)\n\tat org.testng.internal.invokers.MethodRunner.runInSequence(MethodRunner.java:63)\n\tat org.testng.internal.invokers.TestInvoker$MethodInvocationAgent.invoke(TestInvoker.java:992)\n\tat org.testng.internal.invokers.TestInvoker.invokeTestMethods(TestInvoker.java:203)\n\tat org.testng.internal.invokers.TestMethodWorker.invokeTestMethods(TestMethodWorker.java:154)\n\tat org.testng.internal.invokers.TestMethodWorker.run(TestMethodWorker.java:134)\n\tat java.base/java.util.ArrayList.forEach(ArrayList.java:1511)\n\tat org.testng.TestRunner.privateRun(TestRunner.java:739)\n\tat org.testng.TestRunner.run(TestRunner.java:614)\n\tat org.testng.SuiteRunner.runTest(SuiteRunner.java:421)\n\tat org.testng.SuiteRunner.runSequentially(SuiteRunner.java:413)\n\tat org.testng.SuiteRunner.privateRun(SuiteRunner.java:373)\n\tat org.testng.SuiteRunner.run(SuiteRunner.java:312)\n\tat org.testng.SuiteRunnerWorker.runSuite(SuiteRunnerWorker.java:52)\n\tat org.testng.SuiteRunnerWorker.run(SuiteRunnerWorker.java:95)\n\tat org.testng.TestNG.runSuitesSequentially(TestNG.java:1274)\n\tat org.testng.TestNG.runSuitesLocally(TestNG.java:1208)\n\tat org.testng.TestNG.runSuites(TestNG.java:1112)\n\tat org.testng.TestNG.run(TestNG.java:1079)\n\tat org.apache.maven.surefire.testng.TestNGExecutor.run(TestNGExecutor.java:155)\n\tat org.apache.maven.surefire.testng.TestNGDirectoryTestSuite.executeMulti(TestNGDirectoryTestSuite.java:169)\n\tat org.apache.maven.surefire.testng.TestNGDirectoryTestSuite.execute(TestNGDirectoryTestSuite.java:88)\n\tat org.apache.maven.surefire.testng.TestNGProvider.invoke(TestNGProvider.java:137)\n\tat org.apache.maven.surefire.booter.ForkedBooter.runSuitesInProcess(ForkedBooter.java:385)\n\tat org.apache.maven.surefire.booter.ForkedBooter.execute(ForkedBooter.java:162)\n\tat org.apache.maven.surefire.booter.ForkedBooter.run(ForkedBooter.java:507)\n\tat org.apache.maven.surefire.booter.ForkedBooter.main(ForkedBooter.java:495)\n","steps":[],"attachments":[{"uid":"43505b970d17f434","name":"Screenshot","source":"43505b970d17f434.png","type":"image/png","size":87978},{"uid":"c4505238cc28f73f","name":"Page source","source":"c4505238cc28f73f.html","type":"text/html","size":223876}],"parameters":[],"shouldDisplayMessage":true,"stepsCount":0,"attachmentsCount":2,"hasContent":true}],"attachments":[{"uid":"c5df28ab1c4163d0","name":"Request","source":"c5df28ab1c4163d0.html","type":"text/html","size":1339},{"uid":"8315c5e34d54ab98","name":"HTTP/1.1 200 ","source":"8315c5e34d54ab98.html","type":"text/html","size":2088},{"uid":"8cb05e4b4c542890","name":"Request","source":"8cb05e4b4c542890.html","type":"text/html","size":917},{"uid":"f458095ceefa74e4","name":"HTTP/1.1 200 ","source":"f458095ceefa74e4.html","type":"text/html","size":2225},{"uid":"8ceb8b292c4b970f","name":"Request","source":"8ceb8b292c4b970f.html","type":"text/html","size":3347},{"uid":"c06a41bb45be4395","name":"HTTP/1.1 200 ","source":"c06a41bb45be4395.html","type":"text/html","size":3963}],"parameters":[],"shouldDisplayMessage":false,"stepsCount":12,"attachmentsCount":8,"hasContent":true},"afterStages":[{"name":"closeWebDriver","time":{"start":1732548951650,"stop":1732548951713,"duration":63},"description":"","status":"passed","steps":[{"name":"$(\"webdriver\") close()","time":{"start":1732548951651,"stop":1732548951713,"duration":62},"status":"passed","steps":[],"attachments":[],"parameters":[],"shouldDisplayMessage":false,"stepsCount":0,"attachmentsCount":0,"hasContent":false}],"attachments":[],"parameters":[],"shouldDisplayMessage":false,"stepsCount":1,"attachmentsCount":0,"hasContent":true},{"name":"afterTest","time":{"start":1732548951719,"stop":1732548952154,"duration":435},"description":"","status":"passed","steps":[],"attachments":[{"uid":"14fa7633aef80a39","name":"Request","source":"14fa7633aef80a39.html","type":"text/html","size":602},{"uid":"daaf4cab5fb09098","name":"HTTP/1.1 204 ","source":"daaf4cab5fb09098.html","type":"text/html","size":478},{"uid":"68b17d1b5a9d90df","name":"Request","source":"68b17d1b5a9d90df.html","type":"text/html","size":598},{"uid":"e62aadfc7b12cf54","name":"HTTP/1.1 204 ","source":"e62aadfc7b12cf54.html","type":"text/html","size":478},{"uid":"882bf841b576bd7a","name":"Request","source":"882bf841b576bd7a.html","type":"text/html","size":564},{"uid":"bc442c49ecac6f83","name":"HTTP/1.1 204 ","source":"bc442c49ecac6f83.html","type":"text/html","size":478}],"parameters":[],"shouldDisplayMessage":false,"stepsCount":0,"attachmentsCount":6,"hasContent":true}],"labels":[{"name":"package","value":"com.example.wtf_workshop.ui.RunBuildTest"},{"name":"testClass","value":"com.example.wtf_workshop.ui.RunBuildTest"},{"name":"testMethod","value":"userRunsBuildTest"},{"name":"parentSuite","value":"Surefire suite"},{"name":"suite","value":"Surefire test"},{"name":"subSuite","value":"com.example.wtf_workshop.ui.RunBuildTest"},{"name":"host","value":"fv-az1242-831"},{"name":"thread","value":"5587@fv-az1242-831.main(1)"},{"name":"framework","value":"testng"},{"name":"language","value":"java"},{"name":"resultFormat","value":"allure2"}],"parameters":[],"links":[],"hidden":false,"retry":false,"extra":{"severity":"normal","retries":[],"categories":[{"name":"Product defects","matchedStatuses":[],"flaky":false}],"history":{"statistic":{"failed":6,"broken":9,"skipped":0,"passed":5,"unknown":0,"total":20},"items":[{"uid":"3bea93b241fb30b8","reportUrl":"https://ozornoy.github.io/wtf_workshop/ui/30//#testresult/3bea93b241fb30b8","status":"passed","time":{"start":1732548156904,"stop":1732548182939,"duration":26035}},{"uid":"f231082682be5e8c","reportUrl":"https://ozornoy.github.io/wtf_workshop/ui/29//#testresult/f231082682be5e8c","status":"failed","statusDetails":"Element should exist {[class*=BuildTypes__item].snapshot(1 elements)[0]/[class*=buildContainer].snapshot(1 elements)[0]}\nElement: 'Ups, failed to describe the element [caused by: StaleElementReferenceException: stale element reference: stale element not found]'\nActual value: does not exist\nScreenshot: file:/home/runner/work/wtf_workshop/wtf_workshop/build/reports/tests/1732547525746.0.png\nPage source: file:/home/runner/work/wtf_workshop/wtf_workshop/build/reports/tests/1732547525746.0.html\nTimeout: 30 s.","time":{"start":1732547455391,"stop":1732547526221,"duration":70830}},{"uid":"50c7abdeb9865c82","reportUrl":"https://ozornoy.github.io/wtf_workshop/ui/29//#testresult/50c7abdeb9865c82","status":"failed","statusDetails":"Element should exist {[class*=BuildTypes__item].snapshot(1 elements)[0]/[class*=buildContainer].snapshot(1 elements)[0]}\nElement: 'Ups, failed to describe the element [caused by: NoSuchElementException: no such element: No node with given id found]'\nActual value: does not exist\nScreenshot: file:/home/runner/work/wtf_workshop/wtf_workshop/build/reports/tests/1732546226092.0.png\nPage source: file:/home/runner/work/wtf_workshop/wtf_workshop/build/reports/tests/1732546226092.0.html\nTimeout: 30 s.","time":{"start":1732546174267,"stop":1732546226482,"duration":52215}},{"uid":"12ddad4b2ec4e417","reportUrl":"https://ozornoy.github.io/wtf_workshop/ui/29//#testresult/12ddad4b2ec4e417","status":"passed","time":{"start":1732545456814,"stop":1732545500872,"duration":44058}},{"uid":"fc3a7e3a062b4ad6","reportUrl":"https://ozornoy.github.io/wtf_workshop/ui/28//#testresult/fc3a7e3a062b4ad6","status":"failed","statusDetails":"Element should exist {[class*=BuildTypes__item].snapshot(1 elements)[0]/[class*=buildContainer].snapshot(1 elements)[0]}\nElement: 'Ups, failed to describe the element [caused by: NoSuchElementException: no such element: No node with given id found]'\nActual value: does not exist\nScreenshot: file:/home/runner/work/wtf_workshop/wtf_workshop/build/reports/tests/1732544493475.0.png\nPage source: file:/home/runner/work/wtf_workshop/wtf_workshop/build/reports/tests/1732544493475.0.html\nTimeout: 30 s.","time":{"start":1732544441623,"stop":1732544493852,"duration":52229}},{"uid":"72272df3db6485db","reportUrl":"https://ozornoy.github.io/wtf_workshop/ui/28//#testresult/72272df3db6485db","status":"passed","time":{"start":1732543613444,"stop":1732543641579,"duration":28135}},{"uid":"2f39da06fc637670","reportUrl":"https://ozornoy.github.io/wtf_workshop/ui/27//#testresult/2f39da06fc637670","status":"failed","statusDetails":"Element should exist {[class*=BuildTypes__item].snapshot(1 elements)[0]/[class*=buildContainer].snapshot(1 elements)[0]}\nElement: 'Ups, failed to describe the element [caused by: StaleElementReferenceException: stale element reference: stale element not found]'\nActual value: does not exist\nScreenshot: file:/home/runner/work/wtf_workshop/wtf_workshop/build/reports/tests/1732541722231.0.png\nPage source: file:/home/runner/work/wtf_workshop/wtf_workshop/build/reports/tests/1732541722231.0.html\nTimeout: 30 s.","time":{"start":1732541649667,"stop":1732541722740,"duration":73073}},{"uid":"3b5e632b5e940582","reportUrl":"https://ozornoy.github.io/wtf_workshop/ui/27//#testresult/3b5e632b5e940582","status":"failed","statusDetails":"Element not found {[class*=BuildTypes__item].snapshot(1 elements)[0]/[class*=buildContainer].snapshot(1 elements)[0]/[class*=BuildDetailsTabs__link].findBy(exact text \"Build Log\")}\nExpected: clickable: interactable and enabled\nScreenshot: file:/home/runner/work/wtf_workshop/wtf_workshop/build/reports/tests/1732540113436.0.png\nPage source: file:/home/runner/work/wtf_workshop/wtf_workshop/build/reports/tests/1732540113436.0.html\nTimeout: 4 s.\nCaused by: StaleElementReferenceException: stale element reference: stale element not found","time":{"start":1732540087846,"stop":1732540113849,"duration":26003}},{"uid":"afc797cf5b9e0f0f","reportUrl":"https://ozornoy.github.io/wtf_workshop/ui/26//#testresult/afc797cf5b9e0f0f","status":"passed","time":{"start":1732538168081,"stop":1732538193048,"duration":24967}},{"uid":"8b68c92ea948b7fa","reportUrl":"https://ozornoy.github.io/wtf_workshop/ui/26//#testresult/8b68c92ea948b7fa","status":"passed","time":{"start":1732537508223,"stop":1732537532885,"duration":24662}},{"uid":"2d95d1eaa07b5a62","reportUrl":"https://ozornoy.github.io/wtf_workshop/ui/25//#testresult/2d95d1eaa07b5a62","status":"broken","statusDetails":"Failed to create new instance of class com.example.wtf_workshop.ui.pages.BuildPage","time":{"start":1732535820498,"stop":1732535848234,"duration":27736}},{"uid":"40946671fc4f9a63","reportUrl":"https://ozornoy.github.io/wtf_workshop/ui/24//#testresult/40946671fc4f9a63","status":"broken","statusDetails":"Failed to create new instance of class com.example.wtf_workshop.ui.pages.ProjectsPage","time":{"start":1732534315175,"stop":1732534334655,"duration":19480}},{"uid":"159974a1f58f20e0","reportUrl":"https://ozornoy.github.io/wtf_workshop/ui/23//#testresult/159974a1f58f20e0","status":"broken","statusDetails":"Failed to create new instance of class com.example.wtf_workshop.ui.pages.ProjectsPage","time":{"start":1732529068929,"stop":1732529103698,"duration":34769}},{"uid":"feeb1918baa9b16c","reportUrl":"https://ozornoy.github.io/wtf_workshop/ui/22//#testresult/feeb1918baa9b16c","status":"broken","statusDetails":"Failed to create new instance of class com.example.wtf_workshop.ui.pages.ProjectsPage","time":{"start":1732528453840,"stop":1732528491523,"duration":37683}},{"uid":"954ea41a31310250","reportUrl":"https://ozornoy.github.io/wtf_workshop/ui/21//#testresult/954ea41a31310250","status":"broken","statusDetails":"Failed to create new instance of class com.example.wtf_workshop.ui.pages.ProjectsPage","time":{"start":1732527646695,"stop":1732527666525,"duration":19830}},{"uid":"9d3ce12e71b6ba34","reportUrl":"https://ozornoy.github.io/wtf_workshop/ui/20//#testresult/9d3ce12e71b6ba34","status":"broken","statusDetails":"Failed to create new instance of class com.example.wtf_workshop.ui.pages.ProjectsPage","time":{"start":1732526146665,"stop":1732526168017,"duration":21352}},{"uid":"2a03dc2e51c4e776","reportUrl":"https://ozornoy.github.io/wtf_workshop/ui/19//#testresult/2a03dc2e51c4e776","status":"broken","statusDetails":"Failed to create new instance of class com.example.wtf_workshop.ui.pages.ProjectsPage","time":{"start":1732525293639,"stop":1732525331084,"duration":37445}},{"uid":"5a1247966ed6375d","reportUrl":"https://ozornoy.github.io/wtf_workshop/ui/18//#testresult/5a1247966ed6375d","status":"broken","statusDetails":"Failed to create new instance of class com.example.wtf_workshop.ui.pages.BuildPage","time":{"start":1732524548107,"stop":1732524579596,"duration":31489}},{"uid":"f81335c210dac1fc","reportUrl":"https://ozornoy.github.io/wtf_workshop/ui/17//#testresult/f81335c210dac1fc","status":"broken","statusDetails":"Failed to create new instance of class com.example.wtf_workshop.ui.pages.ProjectsPage","time":{"start":1732522375249,"stop":1732522414823,"duration":39574}}]},"tags":[]},"source":"6f8f2e158736e2eb.json","parameterValues":[]}